#
# There is insufficient memory for the Java Runtime Environment to continue.
# Native memory allocation (malloc) failed to allocate 145752064 bytes for committing reserved memory.
# Possible reasons:
#   The system is out of physical RAM or swap space
#   In 32 bit mode, the process size limit was hit
# Possible solutions:
#   Reduce memory load on the system
#   Increase physical memory or swap space
#   Check if swap backing store is full
#   Use 64 bit Java on a 64 bit OS
#   Decrease Java heap size (-Xmx/-Xms)
#   Decrease number of Java threads
#   Decrease Java thread stack sizes (-Xss)
#   Set larger code cache with -XX:ReservedCodeCacheSize=
# This output file may be truncated or incomplete.
#
#  Out of Memory Error (os_linux.cpp:2745), pid=18323, tid=139701222139648
#
# JRE version: Java(TM) SE Runtime Environment (7.0_71-b14) (build 1.7.0_71-b14)
# Java VM: Java HotSpot(TM) 64-Bit Server VM (24.71-b01 mixed mode linux-amd64 compressed oops)
# Failed to write core dump. Core dumps have been disabled. To enable core dumping, try "ulimit -c unlimited" before starting Java again
#

---------------  T H R E A D  ---------------

Current thread (0x00007f0ec006a000):  VMThread [stack: 0x00007f0eb9a86000,0x00007f0eb9b87000] [id=18332]

Stack: [0x00007f0eb9a86000,0x00007f0eb9b87000],  sp=0x00007f0eb9b85020,  free space=1020k
Native frames: (J=compiled Java code, j=interpreted, Vv=VM code, C=native code)
V  [libjvm.so+0x9a0a1a]  VMError::report_and_die()+0x2ea
V  [libjvm.so+0x4974bb]  report_vm_out_of_memory(char const*, int, unsigned long, char const*)+0x9b
V  [libjvm.so+0x81e4de]  os::Linux::commit_memory_impl(char*, unsigned long, bool)+0xfe
V  [libjvm.so+0x81ea29]  os::pd_commit_memory(char*, unsigned long, unsigned long, bool)+0x29
V  [libjvm.so+0x8187da]  os::commit_memory(char*, unsigned long, unsigned long, bool)+0x2a
V  [libjvm.so+0x88b2e3]  PSVirtualSpace::expand_by(unsigned long)+0x53
V  [libjvm.so+0x87a760]  PSOldGen::expand(unsigned long)+0x170
V  [libjvm.so+0x87a96b]  PSOldGen::resize(unsigned long)+0x1cb
V  [libjvm.so+0x883631]  PSParallelCompact::invoke_no_policy(bool)+0x9b1
V  [libjvm.so+0x88958d]  PSScavenge::invoke()+0x1ad
V  [libjvm.so+0x840050]  ParallelScavengeHeap::failed_mem_allocate(unsigned long)+0x70
V  [libjvm.so+0x9a22a7]  VM_ParallelGCFailedAllocation::doit()+0x97
V  [libjvm.so+0x9a9745]  VM_Operation::evaluate()+0x55
V  [libjvm.so+0x9a7b0a]  VMThread::evaluate_operation(VM_Operation*)+0xba
V  [libjvm.so+0x9a7e8e]  VMThread::loop()+0x1ce
V  [libjvm.so+0x9a8300]  VMThread::run()+0x70
V  [libjvm.so+0x8204b8]  java_start(Thread*)+0x108

VM_Operation (0x00007f0eb8567030): ParallelGCFailedAllocation, mode: safepoint, requested by thread 0x00007f0ec016a800


---------------  P R O C E S S  ---------------

Java Threads: ( => current thread )
  0x00007f0ec016d800 JavaThread "pool-2-thread-4" [_thread_blocked, id=18345, stack(0x00007f0eb8266000,0x00007f0eb8367000)]
  0x00007f0ec016c000 JavaThread "pool-2-thread-3" [_thread_blocked, id=18344, stack(0x00007f0eb8367000,0x00007f0eb8468000)]
  0x00007f0ec016a800 JavaThread "pool-2-thread-2" [_thread_blocked, id=18343, stack(0x00007f0eb8468000,0x00007f0eb8569000)]
  0x00007f0ec0169800 JavaThread "pool-3-thread-1" [_thread_blocked, id=18342, stack(0x00007f0eb8569000,0x00007f0eb866a000)]
  0x00007f0ec0162000 JavaThread "pool-2-thread-1" [_thread_blocked, id=18341, stack(0x00007f0eb866a000,0x00007f0eb876b000)]
  0x00007f0ec0098800 JavaThread "Service Thread" daemon [_thread_blocked, id=18338, stack(0x00007f0eb8d9e000,0x00007f0eb8e9f000)]
  0x00007f0ec0096000 JavaThread "C2 CompilerThread1" daemon [_thread_blocked, id=18337, stack(0x00007f0eb8e9f000,0x00007f0eb8fa0000)]
  0x00007f0ec0093800 JavaThread "C2 CompilerThread0" daemon [_thread_blocked, id=18336, stack(0x00007f0eb8fa0000,0x00007f0eb90a1000)]
  0x00007f0ec0091000 JavaThread "Signal Dispatcher" daemon [_thread_blocked, id=18335, stack(0x00007f0eb90a1000,0x00007f0eb91a2000)]
  0x00007f0ec0070800 JavaThread "Finalizer" daemon [_thread_blocked, id=18334, stack(0x00007f0eb9884000,0x00007f0eb9985000)]
  0x00007f0ec006e000 JavaThread "Reference Handler" daemon [_thread_blocked, id=18333, stack(0x00007f0eb9985000,0x00007f0eb9a86000)]
  0x00007f0ec000a000 JavaThread "main" [_thread_blocked, id=18327, stack(0x00007f0ec77c5000,0x00007f0ec78c6000)]

Other Threads:
=>0x00007f0ec006a000 VMThread [stack: 0x00007f0eb9a86000,0x00007f0eb9b87000] [id=18332]
  0x00007f0ec00a3800 WatcherThread [stack: 0x00007f0eb8c9d000,0x00007f0eb8d9e000] [id=18339]

VM state:at safepoint (normal execution)

VM Mutex/Monitor currently owned by a thread:  ([mutex/lock_event])
[0x00007f0ec0006100] ExpandHeap_lock - owner thread: 0x00007f0ec006a000
[0x00007f0ec0006780] Threads_lock - owner thread: 0x00007f0ec006a000
[0x00007f0ec0006c80] Heap_lock - owner thread: 0x00007f0ec016a800

Heap
 PSYoungGen      total 276480K, used 0K [0x00000000eaa80000, 0x0000000100000000, 0x0000000100000000)
  eden space 210944K, 0% used [0x00000000eaa80000,0x00000000eaa80000,0x00000000f7880000)
  from space 65536K, 0% used [0x00000000f7880000,0x00000000f7880000,0x00000000fb880000)
  to   space 64000K, 0% used [0x00000000fc180000,0x00000000fc180000,0x0000000100000000)
 ParOldGen       total 406016K, used 396607K [0x00000000c0000000, 0x00000000d8c80000, 0x00000000eaa80000)
  object space 406016K, 97% used [0x00000000c0000000,0x00000000d834fd08,0x00000000d8c80000)
 PSPermGen       total 21504K, used 6211K [0x00000000bae00000, 0x00000000bc300000, 0x00000000c0000000)
  object space 21504K, 28% used [0x00000000bae00000,0x00000000bb410e50,0x00000000bc300000)

Card table byte_map: [0x00007f0ec488b000,0x00007f0ec4ab5000] byte_map_base: 0x00007f0ec42b4000

Polling page: 0x00007f0ec78e6000

Code Cache  [0x00007f0ebd000000, 0x00007f0ebd420000, 0x00007f0ec0000000)
 total_blobs=1330 nmethods=1100 adapters=183 free_code_cache=45271Kb largest_free_block=46040960

Compilation events (10 events):
Event: 94.655 Thread 0x00007f0ec0093800 1124             com.android.dx.command.dexer.Main::access$1700 (4 bytes)
Event: 96.457 Thread 0x00007f0ec0093800 nmethod 1124 0x00007f0ebd339550 code [0x00007f0ebd339680, 0x00007f0ebd3396d8]
Event: 96.458 Thread 0x00007f0ec0096000 1125   !         java.util.zip.ZipFile$ZipFileInputStream::close (110 bytes)
Event: 96.459 Thread 0x00007f0ec0093800 1126             com.android.dx.command.dexer.Main::access$1600 (4 bytes)
Event: 96.459 Thread 0x00007f0ec0093800 nmethod 1126 0x00007f0ebd339350 code [0x00007f0ebd339480, 0x00007f0ebd3394d8]
Event: 96.792 Thread 0x00007f0ec0096000 nmethod 1125 0x00007f0ebd307850 code [0x00007f0ebd3079e0, 0x00007f0ebd308368]
Event: 98.037 Thread 0x00007f0ec0093800 1127             com.android.dx.dex.file.ClassDataItem::addStaticField (51 bytes)
Event: 98.041 Thread 0x00007f0ec0093800 nmethod 1127 0x00007f0ebd33a490 code [0x00007f0ebd33a620, 0x00007f0ebd33aa78]
Event: 99.604 Thread 0x00007f0ec0096000 1128             java.util.DualPivotQuicksort::sort (1195 bytes)
Event: 99.647 Thread 0x00007f0ec0096000 nmethod 1128 0x00007f0ebd168c10 code [0x00007f0ebd168e80, 0x00007f0ebd16a820]

GC Heap History (10 events):
Event: 68.386 GC heap after
Heap after GC invocations=18 (full 2):
 PSYoungGen      total 275456K, used 36242K [0x00000000eaa80000, 0x0000000100000000, 0x0000000100000000)
  eden space 208384K, 0% used [0x00000000eaa80000,0x00000000eaa80000,0x00000000f7600000)
  from space 67072K, 54% used [0x00000000fbe80000,0x00000000fe1e4b48,0x0000000100000000)
  to   space 70656K, 0% used [0x00000000f7600000,0x00000000f7600000,0x00000000fbb00000)
 ParOldGen       total 271360K, used 267706K [0x00000000c0000000, 0x00000000d0900000, 0x00000000eaa80000)
  object space 271360K, 98% used [0x00000000c0000000,0x00000000d056ead8,0x00000000d0900000)
 PSPermGen       total 21504K, used 6154K [0x00000000bae00000, 0x00000000bc300000, 0x00000000c0000000)
  object space 21504K, 28% used [0x00000000bae00000,0x00000000bb402b28,0x00000000bc300000)
}
Event: 68.444 GC heap before
{Heap before GC invocations=19 (full 3):
 PSYoungGen      total 275456K, used 36242K [0x00000000eaa80000, 0x0000000100000000, 0x0000000100000000)
  eden space 208384K, 0% used [0x00000000eaa80000,0x00000000eaa80000,0x00000000f7600000)
  from space 67072K, 54% used [0x00000000fbe80000,0x00000000fe1e4b48,0x0000000100000000)
  to   space 70656K, 0% used [0x00000000f7600000,0x00000000f7600000,0x00000000fbb00000)
 ParOldGen       total 271360K, used 267706K [0x00000000c0000000, 0x00000000d0900000, 0x00000000eaa80000)
  object space 271360K, 98% used [0x00000000c0000000,0x00000000d056ead8,0x00000000d0900000)
 PSPermGen       total 21504K, used 6154K [0x00000000bae00000, 0x00000000bc300000, 0x00000000c0000000)
  object space 21504K, 28% used [0x00000000bae00000,0x00000000bb402b28,0x00000000bc300000)
Event: 72.065 GC heap after
Heap after GC invocations=19 (full 3):
 PSYoungGen      total 275456K, used 28315K [0x00000000eaa80000, 0x0000000100000000, 0x0000000100000000)
  eden space 208384K, 0% used [0x00000000eaa80000,0x00000000eaa80000,0x00000000f7600000)
  from space 67072K, 42% used [0x00000000fbe80000,0x00000000fda26e00,0x0000000100000000)
  to   space 70656K, 0% used [0x00000000f7600000,0x00000000f7600000,0x00000000fbb00000)
 ParOldGen       total 406016K, used 271243K [0x00000000c0000000, 0x00000000d8c80000, 0x00000000eaa80000)
  object space 406016K, 66% used [0x00000000c0000000,0x00000000d08e2d38,0x00000000d8c80000)
 PSPermGen       total 21504K, used 6154K [0x00000000bae00000, 0x00000000bc300000, 0x00000000c0000000)
  object space 21504K, 28% used [0x00000000bae00000,0x00000000bb402a48,0x00000000bc300000)
}
Event: 73.745 GC heap before
{Heap before GC invocations=20 (full 3):
 PSYoungGen      total 275456K, used 236699K [0x00000000eaa80000, 0x0000000100000000, 0x0000000100000000)
  eden space 208384K, 100% used [0x00000000eaa80000,0x00000000f7600000,0x00000000f7600000)
  from space 67072K, 42% used [0x00000000fbe80000,0x00000000fda26e00,0x0000000100000000)
  to   space 70656K, 0% used [0x00000000f7600000,0x00000000f7600000,0x00000000fbb00000)
 ParOldGen       total 406016K, used 271243K [0x00000000c0000000, 0x00000000d8c80000, 0x00000000eaa80000)
  object space 406016K, 66% used [0x00000000c0000000,0x00000000d08e2d38,0x00000000d8c80000)
 PSPermGen       total 21504K, used 6160K [0x00000000bae00000, 0x00000000bc300000, 0x00000000c0000000)
  object space 21504K, 28% used [0x00000000bae00000,0x00000000bb404338,0x00000000bc300000)
Event: 77.579 GC heap after
Heap after GC invocations=20 (full 3):
 PSYoungGen      total 279040K, used 33796K [0x00000000eaa80000, 0x00000000ffe80000, 0x0000000100000000)
  eden space 208384K, 0% used [0x00000000eaa80000,0x00000000eaa80000,0x00000000f7600000)
  from space 70656K, 47% used [0x00000000f7600000,0x00000000f9701380,0x00000000fbb00000)
  to   space 68096K, 0% used [0x00000000fbc00000,0x00000000fbc00000,0x00000000ffe80000)
 ParOldGen       total 406016K, used 298544K [0x00000000c0000000, 0x00000000d8c80000, 0x00000000eaa80000)
  object space 406016K, 73% used [0x00000000c0000000,0x00000000d238c2f0,0x00000000d8c80000)
 PSPermGen       total 21504K, used 6160K [0x00000000bae00000, 0x00000000bc300000, 0x00000000c0000000)
  object space 21504K, 28% used [0x00000000bae00000,0x00000000bb404338,0x00000000bc300000)
}
Event: 94.655 GC heap before
{Heap before GC invocations=21 (full 3):
 PSYoungGen      total 279040K, used 242180K [0x00000000eaa80000, 0x00000000ffe80000, 0x0000000100000000)
  eden space 208384K, 100% used [0x00000000eaa80000,0x00000000f7600000,0x00000000f7600000)
  from space 70656K, 47% used [0x00000000f7600000,0x00000000f9701380,0x00000000fbb00000)
  to   space 68096K, 0% used [0x00000000fbc00000,0x00000000fbc00000,0x00000000ffe80000)
 ParOldGen       total 406016K, used 298544K [0x00000000c0000000, 0x00000000d8c80000, 0x00000000eaa80000)
  object space 406016K, 73% used [0x00000000c0000000,0x00000000d238c2f0,0x00000000d8c80000)
 PSPermGen       total 21504K, used 6199K [0x00000000bae00000, 0x00000000bc300000, 0x00000000c0000000)
  object space 21504K, 28% used [0x00000000bae00000,0x00000000bb40dd08,0x00000000bc300000)
Event: 96.456 GC heap after
Heap after GC invocations=21 (full 3):
 PSYoungGen      total 272896K, used 33381K [0x00000000eaa80000, 0x00000000ff880000, 0x0000000100000000)
  eden space 210944K, 0% used [0x00000000eaa80000,0x00000000eaa80000,0x00000000f7880000)
  from space 61952K, 53% used [0x00000000fbc00000,0x00000000fdc99730,0x00000000ff880000)
  to   space 65536K, 0% used [0x00000000f7880000,0x00000000f7880000,0x00000000fb880000)
 ParOldGen       total 406016K, used 330717K [0x00000000c0000000, 0x00000000d8c80000, 0x00000000eaa80000)
  object space 406016K, 81% used [0x00000000c0000000,0x00000000d42f76f8,0x00000000d8c80000)
 PSPermGen       total 21504K, used 6199K [0x00000000bae00000, 0x00000000bc300000, 0x00000000c0000000)
  object space 21504K, 28% used [0x00000000bae00000,0x00000000bb40dd08,0x00000000bc300000)
}
Event: 100.696 GC heap before
{Heap before GC invocations=22 (full 3):
 PSYoungGen      total 272896K, used 244325K [0x00000000eaa80000, 0x00000000ff880000, 0x0000000100000000)
  eden space 210944K, 100% used [0x00000000eaa80000,0x00000000f7880000,0x00000000f7880000)
  from space 61952K, 53% used [0x00000000fbc00000,0x00000000fdc99730,0x00000000ff880000)
  to   space 65536K, 0% used [0x00000000f7880000,0x00000000f7880000,0x00000000fb880000)
 ParOldGen       total 406016K, used 330717K [0x00000000c0000000, 0x00000000d8c80000, 0x00000000eaa80000)
  object space 406016K, 81% used [0x00000000c0000000,0x00000000d42f76f8,0x00000000d8c80000)
 PSPermGen       total 21504K, used 6211K [0x00000000bae00000, 0x00000000bc300000, 0x00000000c0000000)
  object space 21504K, 28% used [0x00000000bae00000,0x00000000bb410e90,0x00000000bc300000)
Event: 103.431 GC heap after
Heap after GC invocations=22 (full 3):
 PSYoungGen      total 276480K, used 35098K [0x00000000eaa80000, 0x0000000100000000, 0x0000000100000000)
  eden space 210944K, 0% used [0x00000000eaa80000,0x00000000eaa80000,0x00000000f7880000)
  from space 65536K, 53% used [0x00000000f7880000,0x00000000f9ac6970,0x00000000fb880000)
  to   space 64000K, 0% used [0x00000000fc180000,0x00000000fc180000,0x0000000100000000)
 ParOldGen       total 406016K, used 362751K [0x00000000c0000000, 0x00000000d8c80000, 0x00000000eaa80000)
  object space 406016K, 89% used [0x00000000c0000000,0x00000000d623fd98,0x00000000d8c80000)
 PSPermGen       total 21504K, used 6211K [0x00000000bae00000, 0x00000000bc300000, 0x00000000c0000000)
  object space 21504K, 28% used [0x00000000bae00000,0x00000000bb410e90,0x00000000bc300000)
}
Event: 103.596 GC heap before
{Heap before GC invocations=23 (full 4):
 PSYoungGen      total 276480K, used 35098K [0x00000000eaa80000, 0x0000000100000000, 0x0000000100000000)
  eden space 210944K, 0% used [0x00000000eaa80000,0x00000000eaa80000,0x00000000f7880000)
  from space 65536K, 53% used [0x00000000f7880000,0x00000000f9ac6970,0x00000000fb880000)
  to   space 64000K, 0% used [0x00000000fc180000,0x00000000fc180000,0x0000000100000000)
 ParOldGen       total 406016K, used 362751K [0x00000000c0000000, 0x00000000d8c80000, 0x00000000eaa80000)
  object space 406016K, 89% used [0x00000000c0000000,0x00000000d623fd98,0x00000000d8c80000)
 PSPermGen       total 21504K, used 6211K [0x00000000bae00000, 0x00000000bc300000, 0x00000000c0000000)
  object space 21504K, 28% used [0x00000000bae00000,0x00000000bb410e90,0x00000000bc300000)

Deoptimization events (10 events):
Event: 60.933 Thread 0x00007f0ec016c000 Uncommon trap: reason=class_check action=maybe_recompile pc=0x00007f0ebd204310 method=com.android.dx.ssa.SCCP.replaceConstants()V @ 182
Event: 61.713 Thread 0x00007f0ec016d800 Uncommon trap: reason=bimorphic action=maybe_recompile pc=0x00007f0ebd1f4638 method=com.android.dx.ssa.back.FirstFitLocalCombiningAllocator.findNextUnreservedRopReg(IILcom/android/dx/ssa/back/FirstFitLocalCombiningAllocator$Alignment;)I @ 60
Event: 62.062 Thread 0x00007f0ec016a800 Uncommon trap: reason=class_check action=maybe_recompile pc=0x00007f0ebd204310 method=com.android.dx.ssa.SCCP.replaceConstants()V @ 182
Event: 62.914 Thread 0x00007f0ec0162000 Uncommon trap: reason=bimorphic action=maybe_recompile pc=0x00007f0ebd1f4824 method=com.android.dx.ssa.back.FirstFitLocalCombiningAllocator.findNextUnreservedRopReg(IILcom/android/dx/ssa/back/FirstFitLocalCombiningAllocator$Alignment;)I @ 60
Event: 62.917 Thread 0x00007f0ec0162000 Uncommon trap: reason=bimorphic action=maybe_recompile pc=0x00007f0ebd1f4824 method=com.android.dx.ssa.back.FirstFitLocalCombiningAllocator.findNextUnreservedRopReg(IILcom/android/dx/ssa/back/FirstFitLocalCombiningAllocator$Alignment;)I @ 60
Event: 82.303 Thread 0x00007f0ec000a000 Uncommon trap: reason=bimorphic action=maybe_recompile pc=0x00007f0ebd310d50 method=java.util.concurrent.locks.AbstractQueuedSynchronizer.acquire(I)V @ 2
Event: 100.302 Thread 0x00007f0ec0162000 Uncommon trap: reason=range_check action=make_not_entrant pc=0x00007f0ebd169e3c method=java.util.DualPivotQuicksort.sort([IIIZ)V @ 56
Event: 100.363 Thread 0x00007f0ec016d800 Uncommon trap: reason=range_check action=make_not_entrant pc=0x00007f0ebd169e3c method=java.util.DualPivotQuicksort.sort([IIIZ)V @ 56
Event: 100.365 Thread 0x00007f0ec016c000 Uncommon trap: reason=range_check action=make_not_entrant pc=0x00007f0ebd169e3c method=java.util.DualPivotQuicksort.sort([IIIZ)V @ 56
Event: 100.367 Thread 0x00007f0ec000a000 Uncommon trap: reason=range_check action=make_not_entrant pc=0x00007f0ebd169e3c method=java.util.DualPivotQuicksort.sort([IIIZ)V @ 56

Internal exceptions (10 events):
Event: 3.622 Thread 0x00007f0ec016a800 Threw 0x00000000ee091988 at /HUDSON/workspace/7u-2-build-linux-amd64/jdk7u71/1605/hotspot/src/share/vm/prims/jvm.cpp:1281
Event: 5.219 Thread 0x00007f0ec000a000 Threw 0x00000000eff9b630 at /HUDSON/workspace/7u-2-build-linux-amd64/jdk7u71/1605/hotspot/src/share/vm/prims/jvm.cpp:1281
Event: 5.424 Thread 0x00007f0ec016c000 Implicit null exception at 0x00007f0ebd197c79 to 0x00007f0ebd19c5bd
Event: 5.698 Thread 0x00007f0ec016d800 Threw 0x00000000eb942e00 at /HUDSON/workspace/7u-2-build-linux-amd64/jdk7u71/1605/hotspot/src/share/vm/prims/jvm.cpp:1281
Event: 8.756 Thread 0x00007f0ec016d800 Implicit null exception at 0x00007f0ebd255518 to 0x00007f0ebd25fd71
Event: 8.759 Thread 0x00007f0ec016d800 Implicit null exception at 0x00007f0ebd2e821b to 0x00007f0ebd2e8d8d
Event: 11.767 Thread 0x00007f0ec016d800 Implicit null exception at 0x00007f0ebd22ca69 to 0x00007f0ebd230a09
Event: 21.445 Thread 0x00007f0ec0162000 Implicit null exception at 0x00007f0ebd39cef7 to 0x00007f0ebd39f7ed
Event: 21.959 Thread 0x00007f0ec016a800 Threw 0x00000000eb4e3730 at /HUDSON/workspace/7u-2-build-linux-amd64/jdk7u71/1605/hotspot/src/share/vm/prims/jvm.cpp:1281
Event: 31.226 Thread 0x00007f0ec000a000 Threw 0x00000000f334c0a0 at /HUDSON/workspace/7u-2-build-linux-amd64/jdk7u71/1605/hotspot/src/share/vm/prims/jvm.cpp:1281

Events (10 events):
Event: 82.303 Thread 0x00007f0ec000a000 DEOPT PACKING pc=0x00007f0ebd310d50 sp=0x00007f0ec78c3f30
Event: 82.303 Thread 0x00007f0ec000a000 DEOPT UNPACKING pc=0x00007f0ebd039445 sp=0x00007f0ec78c3f10 mode 2
Event: 82.308 Thread 0x00007f0ec0093800 flushing nmethod 0x00007f0ebd15e110
Event: 94.655 Executing VM operation: ParallelGCFailedAllocation
Event: 96.456 Executing VM operation: ParallelGCFailedAllocation done
Event: 100.302 Thread 0x00007f0ec0162000 Uncommon trap: trap_request=0xffffffe4 fr.pc=0x00007f0ebd169e3c
Event: 100.363 Thread 0x00007f0ec016d800 Uncommon trap: trap_request=0xffffffe4 fr.pc=0x00007f0ebd169e3c
Event: 100.365 Thread 0x00007f0ec016c000 Uncommon trap: trap_request=0xffffffe4 fr.pc=0x00007f0ebd169e3c
Event: 100.367 Thread 0x00007f0ec000a000 Uncommon trap: trap_request=0xffffffe4 fr.pc=0x00007f0ebd169e3c
Event: 100.369 Executing VM operation: ParallelGCFailedAllocation


Dynamic libraries:
00400000-00401000 r-xp 00000000 08:01 18226389                           /usr/lib/jvm/jdk1.7.0/bin/java
00600000-00601000 rw-p 00000000 08:01 18226389                           /usr/lib/jvm/jdk1.7.0/bin/java
017d6000-017f7000 rw-p 00000000 00:00 0                                  [heap]
bae00000-bc300000 rw-p 00000000 00:00 0 
bc300000-c0000000 rw-p 00000000 00:00 0 
c0000000-d8c80000 rw-p 00000000 00:00 0 
e1780000-eaa80000 rw-p 00000000 00:00 0 
eaa80000-100000000 rw-p 00000000 00:00 0 
7f0e6c000000-7f0e6c021000 rw-p 00000000 00:00 0 
7f0e6c021000-7f0e70000000 ---p 00000000 00:00 0 
7f0e70000000-7f0e70021000 rw-p 00000000 00:00 0 
7f0e70021000-7f0e74000000 ---p 00000000 00:00 0 
7f0e74000000-7f0e74021000 rw-p 00000000 00:00 0 
7f0e74021000-7f0e78000000 ---p 00000000 00:00 0 
7f0e78000000-7f0e78023000 rw-p 00000000 00:00 0 
7f0e78023000-7f0e7c000000 ---p 00000000 00:00 0 
7f0e7c000000-7f0e7c021000 rw-p 00000000 00:00 0 
7f0e7c021000-7f0e80000000 ---p 00000000 00:00 0 
7f0e80000000-7f0e80049000 rw-p 00000000 00:00 0 
7f0e80049000-7f0e84000000 ---p 00000000 00:00 0 
7f0e84000000-7f0e85969000 rw-p 00000000 00:00 0 
7f0e85969000-7f0e88000000 ---p 00000000 00:00 0 
7f0e88000000-7f0e88021000 rw-p 00000000 00:00 0 
7f0e88021000-7f0e8c000000 ---p 00000000 00:00 0 
7f0e8c000000-7f0e8c021000 rw-p 00000000 00:00 0 
7f0e8c021000-7f0e90000000 ---p 00000000 00:00 0 
7f0e90000000-7f0e92565000 rw-p 00000000 00:00 0 
7f0e92565000-7f0e94000000 ---p 00000000 00:00 0 
7f0e94000000-7f0e94021000 rw-p 00000000 00:00 0 
7f0e94021000-7f0e98000000 ---p 00000000 00:00 0 
7f0e98000000-7f0e98021000 rw-p 00000000 00:00 0 
7f0e98021000-7f0e9c000000 ---p 00000000 00:00 0 
7f0e9c000000-7f0e9c021000 rw-p 00000000 00:00 0 
7f0e9c021000-7f0ea0000000 ---p 00000000 00:00 0 
7f0ea0000000-7f0ea024f000 rw-p 00000000 00:00 0 
7f0ea024f000-7f0ea4000000 ---p 00000000 00:00 0 
7f0ea4000000-7f0ea4021000 rw-p 00000000 00:00 0 
7f0ea4021000-7f0ea8000000 ---p 00000000 00:00 0 
7f0eac000000-7f0eac021000 rw-p 00000000 00:00 0 
7f0eac021000-7f0eb0000000 ---p 00000000 00:00 0 
7f0eb4000000-7f0eb4021000 rw-p 00000000 00:00 0 
7f0eb4021000-7f0eb8000000 ---p 00000000 00:00 0 
7f0eb8266000-7f0eb8269000 ---p 00000000 00:00 0 
7f0eb8269000-7f0eb8367000 rw-p 00000000 00:00 0                          [stack:18345]
7f0eb8367000-7f0eb836a000 ---p 00000000 00:00 0 
7f0eb836a000-7f0eb8468000 rw-p 00000000 00:00 0                          [stack:18344]
7f0eb8468000-7f0eb846b000 ---p 00000000 00:00 0 
7f0eb846b000-7f0eb8569000 rw-p 00000000 00:00 0                          [stack:18343]
7f0eb8569000-7f0eb856c000 ---p 00000000 00:00 0 
7f0eb856c000-7f0eb866a000 rw-p 00000000 00:00 0                          [stack:18342]
7f0eb866a000-7f0eb866d000 ---p 00000000 00:00 0 
7f0eb866d000-7f0eb876b000 rw-p 00000000 00:00 0                          [stack:18341]
7f0eb876b000-7f0eb8781000 r-xp 00000000 08:01 18622518                   /usr/lib/jvm/jdk1.7.0/jre/lib/amd64/libnet.so
7f0eb8781000-7f0eb8981000 ---p 00016000 08:01 18622518                   /usr/lib/jvm/jdk1.7.0/jre/lib/amd64/libnet.so
7f0eb8981000-7f0eb8982000 rw-p 00016000 08:01 18622518                   /usr/lib/jvm/jdk1.7.0/jre/lib/amd64/libnet.so
7f0eb8982000-7f0eb8992000 r-xp 00000000 08:01 18622589                   /usr/lib/jvm/jdk1.7.0/jre/lib/amd64/libnio.so
7f0eb8992000-7f0eb8b92000 ---p 00010000 08:01 18622589                   /usr/lib/jvm/jdk1.7.0/jre/lib/amd64/libnio.so
7f0eb8b92000-7f0eb8b93000 rw-p 00010000 08:01 18622589                   /usr/lib/jvm/jdk1.7.0/jre/lib/amd64/libnio.so
7f0eb8bb7000-7f0eb8c9d000 r--s 009b3000 08:01 25757722                   /home/primesys002/Rupesh Android Stuff/AndroidStudioWorkplace/VehicalTracking/app/build/intermediates/transforms/jarMerging/release/jars/1/1f/combined.jar
7f0eb8c9d000-7f0eb8c9e000 ---p 00000000 00:00 0 
7f0eb8c9e000-7f0eb8d9e000 rw-p 00000000 00:00 0                          [stack:18339]
7f0eb8d9e000-7f0eb8da1000 ---p 00000000 00:00 0 
7f0eb8da1000-7f0eb8e9f000 rw-p 00000000 00:00 0                          [stack:18338]
7f0eb8e9f000-7f0eb8ea2000 ---p 00000000 00:00 0 
7f0eb8ea2000-7f0eb8fa0000 rw-p 00000000 00:00 0                          [stack:18337]
7f0eb8fa0000-7f0eb8fa3000 ---p 00000000 00:00 0 
7f0eb8fa3000-7f0eb90a1000 rw-p 00000000 00:00 0                          [stack:18336]
7f0eb90a1000-7f0eb90a4000 ---p 00000000 00:00 0 
7f0eb90a4000-7f0eb91a2000 rw-p 00000000 00:00 0                          [stack:18335]
7f0eb91a2000-7f0eb9884000 r--p 00000000 08:01 18094674                   /usr/lib/locale/locale-archive
7f0eb9884000-7f0eb9887000 ---p 00000000 00:00 0 
7f0eb9887000-7f0eb9985000 rw-p 00000000 00:00 0                          [stack:18334]
7f0eb9985000-7f0eb9988000 ---p 00000000 00:00 0 
7f0eb9988000-7f0eb9a86000 rw-p 00000000 00:00 0                          [stack:18333]
7f0eb9a86000-7f0eb9a87000 ---p 00000000 00:00 0 
7f0eb9a87000-7f0ebab3b000 rw-p 00000000 00:00 0                          [stack:18332]
7f0ebab3b000-7f0ebacfa000 r--s 039e9000 08:01 18354001                   /usr/lib/jvm/jdk1.7.0/jre/lib/rt.jar
7f0ebacfa000-7f0ebd000000 rw-p 00000000 00:00 0 
7f0ebd000000-7f0ebd420000 rwxp 00000000 00:00 0 
7f0ebd420000-7f0ec02de000 rw-p 00000000 00:00 0 
7f0ec02de000-7f0ec4000000 ---p 00000000 00:00 0 
7f0ec4011000-7f0ec4308000 rw-p 00000000 00:00 0 
7f0ec4308000-7f0ec4309000 ---p 00000000 00:00 0 
7f0ec4309000-7f0ec4409000 rw-p 00000000 00:00 0                          [stack:18331]
7f0ec4409000-7f0ec440a000 ---p 00000000 00:00 0 
7f0ec440a000-7f0ec450a000 rw-p 00000000 00:00 0                          [stack:18330]
7f0ec450a000-7f0ec450b000 ---p 00000000 00:00 0 
7f0ec450b000-7f0ec460b000 rw-p 00000000 00:00 0                          [stack:18329]
7f0ec460b000-7f0ec460c000 ---p 00000000 00:00 0 
7f0ec460c000-7f0ec4717000 rw-p 00000000 00:00 0                          [stack:18328]
7f0ec4717000-7f0ec4735000 rw-p 00000000 00:00 0 
7f0ec4735000-7f0ec47fc000 rw-p 00000000 00:00 0 
7f0ec47fc000-7f0ec488b000 rw-p 00000000 00:00 0 
7f0ec488b000-7f0ec4896000 rw-p 00000000 00:00 0 
7f0ec4896000-7f0ec48b4000 rw-p 00000000 00:00 0 
7f0ec48b4000-7f0ec497b000 rw-p 00000000 00:00 0 
7f0ec497b000-7f0ec4a09000 rw-p 00000000 00:00 0 
7f0ec4a09000-7f0ec4ab4000 rw-p 00000000 00:00 0 
7f0ec4ab4000-7f0ec4ab5000 rw-p 00000000 00:00 0 
7f0ec4ab5000-7f0ec4acf000 r-xp 00000000 08:01 18622572                   /usr/lib/jvm/jdk1.7.0/jre/lib/amd64/libzip.so
7f0ec4acf000-7f0ec4ccf000 ---p 0001a000 08:01 18622572                   /usr/lib/jvm/jdk1.7.0/jre/lib/amd64/libzip.so
7f0ec4ccf000-7f0ec4cd0000 rw-p 0001a000 08:01 18622572                   /usr/lib/jvm/jdk1.7.0/jre/lib/amd64/libzip.so
7f0ec4cd0000-7f0ec4cdb000 r-xp 00000000 08:01 21497140                   /lib/x86_64-linux-gnu/libnss_files-2.19.so
7f0ec4cdb000-7f0ec4eda000 ---p 0000b000 08:01 21497140                   /lib/x86_64-linux-gnu/libnss_files-2.19.so
7f0ec4eda000-7f0ec4edb000 r--p 0000a000 08:01 21497140                   /lib/x86_64-linux-gnu/libnss_files-2.19.so
7f0ec4edb000-7f0ec4edc000 rw-p 0000b000 08:01 21497140                   /lib/x86_64-linux-gnu/libnss_files-2.19.so
7f0ec4edc000-7f0ec4ee7000 r-xp 00000000 08:01 21497124                   /lib/x86_64-linux-gnu/libnss_nis-2.19.so
7f0ec4ee7000-7f0ec50e6000 ---p 0000b000 08:01 21497124                   /lib/x86_64-linux-gnu/libnss_nis-2.19.so
7f0ec50e6000-7f0ec50e7000 r--p 0000a000 08:01 21497124                   /lib/x86_64-linux-gnu/libnss_nis-2.19.so
7f0ec50e7000-7f0ec50e8000 rw-p 0000b000 08:01 21497124                   /lib/x86_64-linux-gnu/libnss_nis-2.19.so
7f0ec50e8000-7f0ec50ff000 r-xp 00000000 08:01 21496769                   /lib/x86_64-linux-gnu/libnsl-2.19.so
7f0ec50ff000-7f0ec52fe000 ---p 00017000 08:01 21496769                   /lib/x86_64-linux-gnu/libnsl-2.19.so
7f0ec52fe000-7f0ec52ff000 r--p 00016000 08:01 21496769                   /lib/x86_64-linux-gnu/libnsl-2.19.so
7f0ec52ff000-7f0ec5300000 rw-p 00017000 08:01 21496769                   /lib/x86_64-linux-gnu/libnsl-2.19.so
7f0ec5300000-7f0ec5302000 rw-p 00000000 00:00 0 
7f0ec5302000-7f0ec530b000 r-xp 00000000 08:01 21496767                   /lib/x86_64-linux-gnu/libnss_compat-2.19.so
7f0ec530b000-7f0ec550a000 ---p 00009000 08:01 21496767                   /lib/x86_64-linux-gnu/libnss_compat-2.19.so
7f0ec550a000-7f0ec550b000 r--p 00008000 08:01 21496767                   /lib/x86_64-linux-gnu/libnss_compat-2.19.so
7f0ec550b000-7f0ec550c000 rw-p 00009000 08:01 21496767                   /lib/x86_64-linux-gnu/libnss_compat-2.19.so
7f0ec550c000-7f0ec5535000 r-xp 00000000 08:01 18622571                   /usr/lib/jvm/jdk1.7.0/jre/lib/amd64/libjava.so
7f0ec5535000-7f0ec5735000 ---p 00029000 08:01 18622571                   /usr/lib/jvm/jdk1.7.0/jre/lib/amd64/libjava.so
7f0ec5735000-7f0ec5737000 rw-p 00029000 08:01 18622571                   /usr/lib/jvm/jdk1.7.0/jre/lib/amd64/libjava.so
7f0ec5737000-7f0ec5744000 r-xp 00000000 08:01 18622563                   /usr/lib/jvm/jdk1.7.0/jre/lib/amd64/libverify.so
7f0ec5744000-7f0ec5943000 ---p 0000d000 08:01 18622563                   /usr/lib/jvm/jdk1.7.0/jre/lib/amd64/libverify.so
7f0ec5943000-7f0ec5945000 rw-p 0000c000 08:01 18622563                   /usr/lib/jvm/jdk1.7.0/jre/lib/amd64/libverify.so
7f0ec5945000-7f0ec594c000 r-xp 00000000 08:01 21497132                   /lib/x86_64-linux-gnu/librt-2.19.so
7f0ec594c000-7f0ec5b4b000 ---p 00007000 08:01 21497132                   /lib/x86_64-linux-gnu/librt-2.19.so
7f0ec5b4b000-7f0ec5b4c000 r--p 00006000 08:01 21497132                   /lib/x86_64-linux-gnu/librt-2.19.so
7f0ec5b4c000-7f0ec5b4d000 rw-p 00007000 08:01 21497132                   /lib/x86_64-linux-gnu/librt-2.19.so
7f0ec5b4d000-7f0ec5c52000 r-xp 00000000 08:01 21496751                   /lib/x86_64-linux-gnu/libm-2.19.so
7f0ec5c52000-7f0ec5e51000 ---p 00105000 08:01 21496751                   /lib/x86_64-linux-gnu/libm-2.19.so
7f0ec5e51000-7f0ec5e52000 r--p 00104000 08:01 21496751                   /lib/x86_64-linux-gnu/libm-2.19.so
7f0ec5e52000-7f0ec5e53000 rw-p 00105000 08:01 21496751                   /lib/x86_64-linux-gnu/libm-2.19.so
7f0ec5e53000-7f0ec69c5000 r-xp 00000000 08:01 18622521                   /usr/lib/jvm/jdk1.7.0/jre/lib/amd64/server/libjvm.so
7f0ec69c5000-7f0ec6bc4000 ---p 00b72000 08:01 18622521                   /usr/lib/jvm/jdk1.7.0/jre/lib/amd64/server/libjvm.so
7f0ec6bc4000-7f0ec6c89000 rw-p 00b71000 08:01 18622521                   /usr/lib/jvm/jdk1.7.0/jre/lib/amd64/server/libjvm.so
7f0ec6c89000-7f0ec6cc9000 rw-p 00000000 00:00 0 
7f0ec6cc9000-7f0ec6e84000 r-xp 00000000 08:01 21497134                   /lib/x86_64-linux-gnu/libc-2.19.so
7f0ec6e84000-7f0ec7083000 ---p 001bb000 08:01 21497134                   /lib/x86_64-linux-gnu/libc-2.19.so
7f0ec7083000-7f0ec7087000 r--p 001ba000 08:01 21497134                   /lib/x86_64-linux-gnu/libc-2.19.so
7f0ec7087000-7f0ec7089000 rw-p 001be000 08:01 21497134                   /lib/x86_64-linux-gnu/libc-2.19.so
7f0ec7089000-7f0ec708e000 rw-p 00000000 00:00 0 
7f0ec708e000-7f0ec7091000 r-xp 00000000 08:01 21496759                   /lib/x86_64-linux-gnu/libdl-2.19.so
7f0ec7091000-7f0ec7290000 ---p 00003000 08:01 21496759                   /lib/x86_64-linux-gnu/libdl-2.19.so
7f0ec7290000-7f0ec7291000 r--p 00002000 08:01 21496759                   /lib/x86_64-linux-gnu/libdl-2.19.so
7f0ec7291000-7f0ec7292000 rw-p 00003000 08:01 21496759                   /lib/x86_64-linux-gnu/libdl-2.19.so
7f0ec7292000-7f0ec72a8000 r-xp 00000000 08:01 19005487                   /usr/lib/jvm/jdk1.7.0/lib/amd64/jli/libjli.so
7f0ec72a8000-7f0ec74a8000 ---p 00016000 08:01 19005487                   /usr/lib/jvm/jdk1.7.0/lib/amd64/jli/libjli.so
7f0ec74a8000-7f0ec74a9000 rw-p 00016000 08:01 19005487                   /usr/lib/jvm/jdk1.7.0/lib/amd64/jli/libjli.so
7f0ec74a9000-7f0ec74c2000 r-xp 00000000 08:01 21497118                   /lib/x86_64-linux-gnu/libpthread-2.19.so
7f0ec74c2000-7f0ec76c1000 ---p 00019000 08:01 21497118                   /lib/x86_64-linux-gnu/libpthread-2.19.so
7f0ec76c1000-7f0ec76c2000 r--p 00018000 08:01 21497118                   /lib/x86_64-linux-gnu/libpthread-2.19.so
7f0ec76c2000-7f0ec76c3000 rw-p 00019000 08:01 21497118                   /lib/x86_64-linux-gnu/libpthread-2.19.so
7f0ec76c3000-7f0ec76c7000 rw-p 00000000 00:00 0 
7f0ec76c7000-7f0ec76ea000 r-xp 00000000 08:01 21497120                   /lib/x86_64-linux-gnu/ld-2.19.so
7f0ec76ef000-7f0ec7716000 rw-p 00000000 00:00 0 
7f0ec7716000-7f0ec77c5000 rw-p 00000000 00:00 0 
7f0ec77c5000-7f0ec77c8000 ---p 00000000 00:00 0 
7f0ec77c8000-7f0ec78ca000 rw-p 00000000 00:00 0                          [stack:18327]
7f0ec78cd000-7f0ec78ce000 rw-p 00000000 00:00 0 
7f0ec78ce000-7f0ec78dd000 r--s 000df000 08:01 15996312                   /home/primesys002/Software/android-studio/sdk/build-tools/23.0.2/lib/dx.jar
7f0ec78dd000-7f0ec78e5000 rw-s 00000000 08:01 27287700                   /tmp/hsperfdata_root/18323
7f0ec78e5000-7f0ec78e6000 rw-p 00000000 00:00 0 
7f0ec78e6000-7f0ec78e7000 ---p 00000000 00:00 0 
7f0ec78e7000-7f0ec78e9000 rw-p 00000000 00:00 0 
7f0ec78e9000-7f0ec78ea000 r--p 00022000 08:01 21497120                   /lib/x86_64-linux-gnu/ld-2.19.so
7f0ec78ea000-7f0ec78eb000 rw-p 00023000 08:01 21497120                   /lib/x86_64-linux-gnu/ld-2.19.so
7f0ec78eb000-7f0ec78ec000 rw-p 00000000 00:00 0 
7ffccefca000-7ffccefeb000 rw-p 00000000 00:00 0                          [stack]
7ffcceffa000-7ffcceffc000 r-xp 00000000 00:00 0                          [vdso]
ffffffffff600000-ffffffffff601000 r-xp 00000000 00:00 0                  [vsyscall]

VM Arguments:
jvm_args: -Djava.awt.headless=true -Xmx1024M -Dfile.encoding=UTF-8 -Duser.country=IN -Duser.language=en -Duser.variant 
java_command: com.android.dx.command.Main --dex --num-threads=4 --multi-dex --main-dex-list /home/primesys002/Rupesh Android Stuff/AndroidStudioWorkplace/VehicalTracking/app/build/intermediates/multi-dex/release/maindexlist.txt --output /home/primesys002/Rupesh Android Stuff/AndroidStudioWorkplace/VehicalTracking/app/build/intermediates/transforms/dex/release/folders/1000/1f/main /home/primesys002/Rupesh Android Stuff/AndroidStudioWorkplace/VehicalTracking/app/build/intermediates/transforms/jarMerging/release/jars/1/1f/combined.jar
Launcher Type: SUN_STANDARD

Environment Variables:
PATH=/usr/local/sbin:/usr/local/bin:/usr/sbin:/usr/bin:/sbin:/bin
USERNAME=root
LD_LIBRARY_PATH=.:
SHELL=/bin/bash
DISPLAY=:0.0

Signal Handlers:
SIGSEGV: [libjvm.so+0x9a1330], sa_mask[0]=0x7ffbfeff, sa_flags=0x10000004
SIGBUS: [libjvm.so+0x9a1330], sa_mask[0]=0x7ffbfeff, sa_flags=0x10000004
SIGFPE: [libjvm.so+0x81b390], sa_mask[0]=0x7ffbfeff, sa_flags=0x10000004
SIGPIPE: [libjvm.so+0x81b390], sa_mask[0]=0x7ffbfeff, sa_flags=0x10000004
SIGXFSZ: [libjvm.so+0x81b390], sa_mask[0]=0x7ffbfeff, sa_flags=0x10000004
SIGILL: [libjvm.so+0x81b390], sa_mask[0]=0x7ffbfeff, sa_flags=0x10000004
SIGUSR1: SIG_DFL, sa_mask[0]=0x00000000, sa_flags=0x00000000
SIGUSR2: [libjvm.so+0x81cb90], sa_mask[0]=0x00000004, sa_flags=0x10000004
SIGHUP: [libjvm.so+0x81dc90], sa_mask[0]=0x7ffbfeff, sa_flags=0x10000004
SIGINT: [libjvm.so+0x81dc90], sa_mask[0]=0x7ffbfeff, sa_flags=0x10000004
SIGTERM: [libjvm.so+0x81dc90], sa_mask[0]=0x7ffbfeff, sa_flags=0x10000004
SIGQUIT: [libjvm.so+0x81dc90], sa_mask[0]=0x7ffbfeff, sa_flags=0x10000004


---------------  S Y S T E M  ---------------

OS:jessie/sid

uname:Linux 3.13.0-85-generic #129-Ubuntu SMP Thu Mar 17 20:50:15 UTC 2016 x86_64
libc:glibc 2.19 NPTL 2.19 
rlimit: STACK 8192k, CORE 0k, NPROC 62863, NOFILE 4096, AS infinity
load average:11.12 7.62 5.26

/proc/meminfo:
MemTotal:        8068060 kB
MemFree:          147308 kB
Buffers:            1556 kB
Cached:           663504 kB
SwapCached:        28920 kB
Active:          4847888 kB
Inactive:        1087988 kB
Active(anon):    4839148 kB
Inactive(anon):  1070960 kB
Active(file):       8740 kB
Inactive(file):    17028 kB
Unevictable:         152 kB
Mlocked:             152 kB
SwapTotal:       4083708 kB
SwapFree:            148 kB
Dirty:               116 kB
Writeback:             0 kB
AnonPages:       5242660 kB
Mapped:          2119236 kB
Shmem:            639204 kB
Slab:             135704 kB
SReclaimable:      57316 kB
SUnreclaim:        78388 kB
KernelStack:        6552 kB
PageTables:        74788 kB
NFS_Unstable:          0 kB
Bounce:                0 kB
WritebackTmp:          0 kB
CommitLimit:     8117736 kB
Committed_AS:   17398668 kB
VmallocTotal:   34359738367 kB
VmallocUsed:      357396 kB
VmallocChunk:   34359370204 kB
HardwareCorrupted:     0 kB
AnonHugePages:   1507328 kB
HugePages_Total:       0
HugePages_Free:        0
HugePages_Rsvd:        0
HugePages_Surp:        0
Hugepagesize:       2048 kB
DirectMap4k:       61268 kB
DirectMap2M:     8218624 kB


CPU:total 4 (4 cores per cpu, 1 threads per core) family 6 model 58 stepping 9, cmov, cx8, fxsr, mmx, sse, sse2, sse3, ssse3, sse4.1, sse4.2, popcnt, avx, aes, erms, tsc, tscinvbit, tscinv

/proc/cpuinfo:
processor	: 0
vendor_id	: GenuineIntel
cpu family	: 6
model		: 58
model name	: Intel(R) Core(TM) i5-3330 CPU @ 3.00GHz
stepping	: 9
microcode	: 0x15
cpu MHz		: 1600.000
cache size	: 6144 KB
physical id	: 0
siblings	: 4
core id		: 0
cpu cores	: 4
apicid		: 0
initial apicid	: 0
fpu		: yes
fpu_exception	: yes
cpuid level	: 13
wp		: yes
flags		: fpu vme de pse tsc msr pae mce cx8 apic sep mtrr pge mca cmov pat pse36 clflush dts acpi mmx fxsr sse sse2 ss ht tm pbe syscall nx rdtscp lm constant_tsc arch_perfmon pebs bts rep_good nopl xtopology nonstop_tsc aperfmperf eagerfpu pni pclmulqdq dtes64 monitor ds_cpl vmx est tm2 ssse3 cx16 xtpr pdcm pcid sse4_1 sse4_2 x2apic popcnt tsc_deadline_timer aes xsave avx f16c rdrand lahf_lm ida arat epb xsaveopt pln pts dtherm tpr_shadow vnmi flexpriority ept vpid fsgsbase smep erms
bogomips	: 5986.74
clflush size	: 64
cache_alignment	: 64
address sizes	: 36 bits physical, 48 bits virtual
power management:

processor	: 1
vendor_id	: GenuineIntel
cpu family	: 6
model		: 58
model name	: Intel(R) Core(TM) i5-3330 CPU @ 3.00GHz
stepping	: 9
microcode	: 0x15
cpu MHz		: 3201.000
cache size	: 6144 KB
physical id	: 0
siblings	: 4
core id		: 1
cpu cores	: 4
apicid		: 2
initial apicid	: 2
fpu		: yes
fpu_exception	: yes
cpuid level	: 13
wp		: yes
flags		: fpu vme de pse tsc msr pae mce cx8 apic sep mtrr pge mca cmov pat pse36 clflush dts acpi mmx fxsr sse sse2 ss ht tm pbe syscall nx rdtscp lm constant_tsc arch_perfmon pebs bts rep_good nopl xtopology nonstop_tsc aperfmperf eagerfpu pni pclmulqdq dtes64 monitor ds_cpl vmx est tm2 ssse3 cx16 xtpr pdcm pcid sse4_1 sse4_2 x2apic popcnt tsc_deadline_timer aes xsave avx f16c rdrand lahf_lm ida arat epb xsaveopt pln pts dtherm tpr_shadow vnmi flexpriority ept vpid fsgsbase smep erms
bogomips	: 5986.74
clflush size	: 64
cache_alignment	: 64
address sizes	: 36 bits physical, 48 bits virtual
power management:

processor	: 2
vendor_id	: GenuineIntel
cpu family	: 6
model		: 58
model name	: Intel(R) Core(TM) i5-3330 CPU @ 3.00GHz
stepping	: 9
microcode	: 0x15
cpu MHz		: 2700.000
cache size	: 6144 KB
physical id	: 0
siblings	: 4
core id		: 2
cpu cores	: 4
apicid		: 4
initial apicid	: 4
fpu		: yes
fpu_exception	: yes
cpuid level	: 13
wp		: yes
flags		: fpu vme de pse tsc msr pae mce cx8 apic sep mtrr pge mca cmov pat pse36 clflush dts acpi mmx fxsr sse sse2 ss ht tm pbe syscall nx rdtscp lm constant_tsc arch_perfmon pebs bts rep_good nopl xtopology nonstop_tsc aperfmperf eagerfpu pni pclmulqdq dtes64 monitor ds_cpl vmx est tm2 ssse3 cx16 xtpr pdcm pcid sse4_1 sse4_2 x2apic popcnt tsc_deadline_timer aes xsave avx f16c rdrand lahf_lm ida arat epb xsaveopt pln pts dtherm tpr_shadow vnmi flexpriority ept vpid fsgsbase smep erms
bogomips	: 5986.74
clflush size	: 64
cache_alignment	: 64
address sizes	: 36 bits physical, 48 bits virtual
power management:

processor	: 3
vendor_id	: GenuineIntel
cpu family	: 6
model		: 58
model name	: Intel(R) Core(TM) i5-3330 CPU @ 3.00GHz
stepping	: 9
microcode	: 0x15
cpu MHz		: 1600.000
cache size	: 6144 KB
physical id	: 0
siblings	: 4
core id		: 3
cpu cores	: 4
apicid		: 6
initial apicid	: 6
fpu		: yes
fpu_exception	: yes
cpuid level	: 13
wp		: yes
flags		: fpu vme de pse tsc msr pae mce cx8 apic sep mtrr pge mca cmov pat pse36 clflush dts acpi mmx fxsr sse sse2 ss ht tm pbe syscall nx rdtscp lm constant_tsc arch_perfmon pebs bts rep_good nopl xtopology nonstop_tsc aperfmperf eagerfpu pni pclmulqdq dtes64 monitor ds_cpl vmx est tm2 ssse3 cx16 xtpr pdcm pcid sse4_1 sse4_2 x2apic popcnt tsc_deadline_timer aes xsave avx f16c rdrand lahf_lm ida arat epb xsaveopt pln pts dtherm tpr_shadow vnmi flexpriority ept vpid fsgsbase smep erms
bogomips	: 5986.74
clflush size	: 64
cache_alignment	: 64
address sizes	: 36 bits physical, 48 bits virtual
power management:



Memory: 4k page, physical 8068060k(147308k free), swap 4083708k(148k free)

vm_info: Java HotSpot(TM) 64-Bit Server VM (24.71-b01) for linux-amd64 JRE (1.7.0_71-b14), built on Sep 26 2014 16:41:40 by "java_re" with gcc 4.3.0 20080428 (Red Hat 4.3.0-8)

time: Mon Apr 25 19:54:25 2016
elapsed time: 121 seconds

