#
# A fatal error has been detected by the Java Runtime Environment:
#
#  SIGSEGV (0xb) at pc=0x00007f4650d94b06, pid=9867, tid=139939826906880
#
# JRE version: Java(TM) SE Runtime Environment (7.0_71-b14) (build 1.7.0_71-b14)
# Java VM: Java HotSpot(TM) 64-Bit Server VM (24.71-b01 mixed mode linux-amd64 compressed oops)
# Problematic frame:
# V  [libjvm.so+0x872b06]  ParCompactionManager::follow_marking_stacks()+0x1e6
#
# Failed to write core dump. Core dumps have been disabled. To enable core dumping, try "ulimit -c unlimited" before starting Java again
#
# If you would like to submit a bug report, please visit:
#   http://bugreport.sun.com/bugreport/crash.jsp
#

---------------  T H R E A D  ---------------

Current thread (0x00007f464c025800):  GCTaskThread [stack: 0x00007f46479c3000,0x00007f4647ac4000] [id=9876]

siginfo:si_signo=SIGSEGV: si_errno=0, si_code=128 (), si_addr=0x0000000000000000

Registers:
RAX=0xe67f6d10c1aca640, RBX=0x00007f464c0673e0, RCX=0x0000000000000000, RDX=0x00000000e67d00a0
RSP=0x00007f4647ac2ba0, RBP=0x00007f4647ac2c80, RSI=0x00007f464c0673e0, RDI=0x00000000e67f6d58
R8 =0x0000000000000002, R9 =0x0000000000000573, R10=0x0000000000000010, R11=0x00007f4651369f00
R12=0x00007f4651369f00, R13=0x00007f46513602f8, R14=0x00007f464c0673e0, R15=0x00007f464c0673f0
RIP=0x00007f4650d94b06, EFLAGS=0x0000000000010206, CSGSFS=0x0000000000000033, ERR=0x0000000000000000
  TRAPNO=0x000000000000000d

Top of Stack: (sp=0x00007f4647ac2ba0)
0x00007f4647ac2ba0:   00000000eb8fffe0 00007f4647ac2bf0
0x00007f4647ac2bb0:   00007f4647ac2c00 00007f4647ac2be0
0x00007f4647ac2bc0:   00007f4647ac2c20 00007f4647ac2c30
0x00007f4647ac2bd0:   00007f464c067420 00007f464c0674a0
0x00007f4647ac2be0:   00000000f1973220 00007f4600001a00
0x00007f4647ac2bf0:   0000000000187000 00000000061c0000
0x00007f4647ac2c00:   0000116600000220 00007f4650d7d210
0x00007f4647ac2c10:   0000116700000220 00007f464c0673e0
0x00007f4647ac2c20:   0000169f0000026b 0000000000000000
0x00007f4647ac2c30:   0000fece00007ec2 0000000000000000
0x00007f4647ac2c40:   0000fecf00007ec2 0000000000000018
0x00007f4647ac2c50:   00007f4651321490 00007f4647ac2d50
0x00007f4647ac2c60:   00000000f1979230 0000000000000003
0x00007f4647ac2c70:   00007f464c0673e0 00000000e3c730e8
0x00007f4647ac2c80:   00007f4647ac2db0 00007f4650d7c699
0x00007f4647ac2c90:   00000000f1979230 00007f4647ac2d50
0x00007f4647ac2ca0:   00007f4647ac2d40 00007f4647ac2d30
0x00007f4647ac2cb0:   00007f4647ac2d20 00007f4647ac2d60
0x00007f4647ac2cc0:   00007f4647ac2d70 00007f4647ac2d7c
0x00007f4647ac2cd0:   00007f464c027fa0 00000000f1973220
0x00007f4647ac2ce0:   00007f4647ac2d20 00007f4650d0362f
0x00007f4647ac2cf0:   00007f464c025800 00000000000021a6
0x00007f4647ac2d00:   0000000000001800 0000000000000008
0x00007f4647ac2d10:   00007f464c067420 00007f464c0674a0
0x00007f4647ac2d20:   00007f4647ac2d70 00007f4650d03d5e
0x00007f4647ac2d30:   00007f464c01f830 00007f464c025800
0x00007f4647ac2d40:   0000000000000003 00007f464c01f7b0
0x00007f4647ac2d50:   00000000f1973220 00007f4600001800
0x00007f4647ac2d60:   00000000f1973220 00007f4600001600
0x00007f4647ac2d70:   0000000000000000 30866ed950a77e07
0x00007f4647ac2d80:   00007f464c025e40 00007f464c027fa0
0x00007f4647ac2d90:   00007f464c025800 0000000000000001 

Instructions: (pc=0x00007f4650d94b06)
0x00007f4650d94ae6:   00 00 48 8b 05 c9 32 59 00 8b 72 08 8b 48 08 48
0x00007f4650d94af6:   d3 e6 48 03 30 48 8b 46 10 48 8d 7e 10 48 89 de
0x00007f4650d94b06:   ff 90 e0 00 00 00 8b 53 08 8b 43 10 89 d1 29 c1
0x00007f4650d94b16:   89 c8 a9 ff ff 01 00 0f 85 6d ff ff ff 48 8b b3 

Register to memory mapping:

RAX=0xe67f6d10c1aca640 is an unknown value
RBX=0x00007f464c0673e0 is an unknown value
RCX=0x0000000000000000 is an unknown value
RDX=0x00000000e67d00a0 is pointing into object: 0x00000000e67ce9a0
[Ljava.lang.Object; 
 - klass: 'java/lang/Object'[]
 - length: 3060
RSP=0x00007f4647ac2ba0 is an unknown value
RBP=0x00007f4647ac2c80 is an unknown value
RSI=0x00007f464c0673e0 is an unknown value
RDI=0x00000000e67f6d58 is pointing into object: 0x00000000e67f6d48
com.android.dx.dex.code.CstInsn 
 - klass: 'com/android/dx/dex/code/CstInsn'
R8 =0x0000000000000002 is an unknown value
R9 =0x0000000000000573 is an unknown value
R10=0x0000000000000010 is an unknown value
R11=0x00007f4651369f00: <offset 0xe47f00> in /usr/lib/jvm/jdk1.7.0/jre/lib/amd64/server/libjvm.so at 0x00007f4650522000
R12=0x00007f4651369f00: <offset 0xe47f00> in /usr/lib/jvm/jdk1.7.0/jre/lib/amd64/server/libjvm.so at 0x00007f4650522000
R13=0x00007f46513602f8: <offset 0xe3e2f8> in /usr/lib/jvm/jdk1.7.0/jre/lib/amd64/server/libjvm.so at 0x00007f4650522000
R14=0x00007f464c0673e0 is an unknown value
R15=0x00007f464c0673f0 is an unknown value


Stack: [0x00007f46479c3000,0x00007f4647ac4000],  sp=0x00007f4647ac2ba0,  free space=1022k
Native frames: (J=compiled Java code, j=interpreted, Vv=VM code, C=native code)
V  [libjvm.so+0x872b06]  ParCompactionManager::follow_marking_stacks()+0x1e6
V  [libjvm.so+0x85a699]  StealMarkingTask::do_it(GCTaskManager*, unsigned int)+0x2c9
V  [libjvm.so+0x55732f]  GCTaskThread::run()+0x12f
V  [libjvm.so+0x8204b8]  java_start(Thread*)+0x108


---------------  P R O C E S S  ---------------

Java Threads: ( => current thread )
  0x00007f464c172000 JavaThread "pool-1-thread-1" [_thread_blocked, id=9909, stack(0x00007f462aa12000,0x00007f462ab13000)]
  0x00007f464c0a0800 JavaThread "Service Thread" daemon [_thread_blocked, id=9883, stack(0x00007f462b419000,0x00007f462b51a000)]
  0x00007f464c09e000 JavaThread "C2 CompilerThread1" daemon [_thread_blocked, id=9882, stack(0x00007f462b51a000,0x00007f462b61b000)]
  0x00007f464c09b000 JavaThread "C2 CompilerThread0" daemon [_thread_blocked, id=9881, stack(0x00007f462b61b000,0x00007f462b71c000)]
  0x00007f464c099000 JavaThread "Signal Dispatcher" daemon [_thread_blocked, id=9880, stack(0x00007f462b71c000,0x00007f462b81d000)]
  0x00007f464c070000 JavaThread "Finalizer" daemon [_thread_blocked, id=9879, stack(0x00007f462beff000,0x00007f462c000000)]
  0x00007f464c06e000 JavaThread "Reference Handler" daemon [_thread_blocked, id=9878, stack(0x00007f4644051000,0x00007f4644152000)]
  0x00007f464c00a000 JavaThread "main" [_thread_blocked, id=9872, stack(0x00007f4651e94000,0x00007f4651f95000)]

Other Threads:
  0x00007f464c06a000 VMThread [stack: 0x00007f4644152000,0x00007f4644253000] [id=9877]
  0x00007f464c0ab800 WatcherThread [stack: 0x00007f462b318000,0x00007f462b419000] [id=9884]

=>0x00007f464c025800 (exited) GCTaskThread [stack: 0x00007f46479c3000,0x00007f4647ac4000] [id=9876]

VM state:at safepoint (normal execution)

VM Mutex/Monitor currently owned by a thread:  ([mutex/lock_event])
[0x00007f464c006760] Threads_lock - owner thread: 0x00007f464c06a000
[0x00007f464c006c60] Heap_lock - owner thread: 0x00007f464c172000

Heap
 PSYoungGen      total 233472K, used 117248K [0x00000000eaa80000, 0x0000000100000000, 0x0000000100000000)
  eden space 117248K, 100% used [0x00000000eaa80000,0x00000000f1d00000,0x00000000f1d00000)
  from space 116224K, 0% used [0x00000000f8e80000,0x00000000f8e80000,0x0000000100000000)
  to   space 116224K, 0% used [0x00000000f1d00000,0x00000000f1d00000,0x00000000f8e80000)
 ParOldGen       total 698880K, used 698719K [0x00000000c0000000, 0x00000000eaa80000, 0x00000000eaa80000)
  object space 698880K, 99% used [0x00000000c0000000,0x00000000eaa57fc8,0x00000000eaa80000)
 PSPermGen       total 21504K, used 6307K [0x00000000bae00000, 0x00000000bc300000, 0x00000000c0000000)
  object space 21504K, 29% used [0x00000000bae00000,0x00000000bb428eb0,0x00000000bc300000)

Card table byte_map: [0x00007f4647f46000,0x00007f4648170000] byte_map_base: 0x00007f464796f000

Polling page: 0x00007f4651fb5000

Code Cache  [0x00007f4648170000, 0x00007f46485b0000, 0x00007f464b170000)
 total_blobs=1585 nmethods=1355 adapters=183 free_code_cache=44857Kb largest_free_block=45878080

Compilation events (10 events):
Event: 38.260 Thread 0x00007f464c09b000 nmethod 1387 0x00007f464858e810 code [0x00007f464858e960, 0x00007f464858e9e8]
Event: 38.267 Thread 0x00007f464c09e000 nmethod 1385 0x00007f46485a6f90 code [0x00007f46485a7160, 0x00007f46485a7b68]
Event: 38.268 Thread 0x00007f464c09b000 1388             com.android.dx.rop.cst.CstArray$List::compareTo (93 bytes)
Event: 38.272 Thread 0x00007f464c09b000 nmethod 1388 0x00007f46485ae910 code [0x00007f46485aeaa0, 0x00007f46485aefd8]
Event: 38.273 Thread 0x00007f464c09e000 1389             com.android.dx.rop.cst.CstArray::hashCode (8 bytes)
Event: 38.275 Thread 0x00007f464c09e000 nmethod 1389 0x00007f46485a6b10 code [0x00007f46485a6c60, 0x00007f46485a6dd8]
Event: 38.277 Thread 0x00007f464c09b000 1390             com.android.dx.dex.file.AnnotationSetItem::itemType (4 bytes)
Event: 38.278 Thread 0x00007f464c09b000 nmethod 1390 0x00007f46485a6910 code [0x00007f46485a6a40, 0x00007f46485a6a98]
Event: 38.282 Thread 0x00007f464c09e000 1391             com.android.dx.dex.file.AnnotationsDirectoryItem::addContents (160 bytes)
Event: 38.287 Thread 0x00007f464c09b000 1392             com.android.dx.rop.annotation.Annotation::compareTo (147 bytes)

GC Heap History (10 events):
Event: 32.582 GC heap after
Heap after GC invocations=46 (full 7):
 PSYoungGen      total 233472K, used 17690K [0x00000000eaa80000, 0x0000000100000000, 0x0000000100000000)
  eden space 117248K, 0% used [0x00000000eaa80000,0x00000000eaa80000,0x00000000f1d00000)
  from space 116224K, 15% used [0x00000000f8e80000,0x00000000f9fc6958,0x0000000100000000)
  to   space 116224K, 0% used [0x00000000f1d00000,0x00000000f1d00000,0x00000000f8e80000)
 ParOldGen       total 698880K, used 665149K [0x00000000c0000000, 0x00000000eaa80000, 0x00000000eaa80000)
  object space 698880K, 95% used [0x00000000c0000000,0x00000000e898f6f0,0x00000000eaa80000)
 PSPermGen       total 21504K, used 6241K [0x00000000bae00000, 0x00000000bc300000, 0x00000000c0000000)
  object space 21504K, 29% used [0x00000000bae00000,0x00000000bb418600,0x00000000bc300000)
}
Event: 32.582 GC heap before
{Heap before GC invocations=47 (full 8):
 PSYoungGen      total 233472K, used 17690K [0x00000000eaa80000, 0x0000000100000000, 0x0000000100000000)
  eden space 117248K, 0% used [0x00000000eaa80000,0x00000000eaa80000,0x00000000f1d00000)
  from space 116224K, 15% used [0x00000000f8e80000,0x00000000f9fc6958,0x0000000100000000)
  to   space 116224K, 0% used [0x00000000f1d00000,0x00000000f1d00000,0x00000000f8e80000)
 ParOldGen       total 698880K, used 665149K [0x00000000c0000000, 0x00000000eaa80000, 0x00000000eaa80000)
  object space 698880K, 95% used [0x00000000c0000000,0x00000000e898f6f0,0x00000000eaa80000)
 PSPermGen       total 21504K, used 6241K [0x00000000bae00000, 0x00000000bc300000, 0x00000000c0000000)
  object space 21504K, 29% used [0x00000000bae00000,0x00000000bb418600,0x00000000bc300000)
Event: 33.832 GC heap after
Heap after GC invocations=47 (full 8):
 PSYoungGen      total 233472K, used 0K [0x00000000eaa80000, 0x0000000100000000, 0x0000000100000000)
  eden space 117248K, 0% used [0x00000000eaa80000,0x00000000eaa80000,0x00000000f1d00000)
  from space 116224K, 0% used [0x00000000f8e80000,0x00000000f8e80000,0x0000000100000000)
  to   space 116224K, 0% used [0x00000000f1d00000,0x00000000f1d00000,0x00000000f8e80000)
 ParOldGen       total 698880K, used 680901K [0x00000000c0000000, 0x00000000eaa80000, 0x00000000eaa80000)
  object space 698880K, 97% used [0x00000000c0000000,0x00000000e98f1440,0x00000000eaa80000)
 PSPermGen       total 21504K, used 6241K [0x00000000bae00000, 0x00000000bc300000, 0x00000000c0000000)
  object space 21504K, 29% used [0x00000000bae00000,0x00000000bb418600,0x00000000bc300000)
}
Event: 33.979 GC heap before
{Heap before GC invocations=48 (full 9):
 PSYoungGen      total 233472K, used 117248K [0x00000000eaa80000, 0x0000000100000000, 0x0000000100000000)
  eden space 117248K, 100% used [0x00000000eaa80000,0x00000000f1d00000,0x00000000f1d00000)
  from space 116224K, 0% used [0x00000000f8e80000,0x00000000f8e80000,0x0000000100000000)
  to   space 116224K, 0% used [0x00000000f1d00000,0x00000000f1d00000,0x00000000f8e80000)
 ParOldGen       total 698880K, used 680901K [0x00000000c0000000, 0x00000000eaa80000, 0x00000000eaa80000)
  object space 698880K, 97% used [0x00000000c0000000,0x00000000e98f1440,0x00000000eaa80000)
 PSPermGen       total 21504K, used 6241K [0x00000000bae00000, 0x00000000bc300000, 0x00000000c0000000)
  object space 21504K, 29% used [0x00000000bae00000,0x00000000bb418600,0x00000000bc300000)
Event: 34.659 GC heap after
Heap after GC invocations=48 (full 9):
 PSYoungGen      total 233472K, used 380K [0x00000000eaa80000, 0x0000000100000000, 0x0000000100000000)
  eden space 117248K, 0% used [0x00000000eaa80000,0x00000000eaadf078,0x00000000f1d00000)
  from space 116224K, 0% used [0x00000000f8e80000,0x00000000f8e80000,0x0000000100000000)
  to   space 116224K, 0% used [0x00000000f1d00000,0x00000000f1d00000,0x00000000f8e80000)
 ParOldGen       total 698880K, used 698857K [0x00000000c0000000, 0x00000000eaa80000, 0x00000000eaa80000)
  object space 698880K, 99% used [0x00000000c0000000,0x00000000eaa7a6f8,0x00000000eaa80000)
 PSPermGen       total 21504K, used 6241K [0x00000000bae00000, 0x00000000bc300000, 0x00000000c0000000)
  object space 21504K, 29% used [0x00000000bae00000,0x00000000bb418600,0x00000000bc300000)
}
Event: 34.824 GC heap before
{Heap before GC invocations=49 (full 10):
 PSYoungGen      total 233472K, used 117248K [0x00000000eaa80000, 0x0000000100000000, 0x0000000100000000)
  eden space 117248K, 100% used [0x00000000eaa80000,0x00000000f1d00000,0x00000000f1d00000)
  from space 116224K, 0% used [0x00000000f8e80000,0x00000000f8e80000,0x0000000100000000)
  to   space 116224K, 0% used [0x00000000f1d00000,0x00000000f1d00000,0x00000000f8e80000)
 ParOldGen       total 698880K, used 698857K [0x00000000c0000000, 0x00000000eaa80000, 0x00000000eaa80000)
  object space 698880K, 99% used [0x00000000c0000000,0x00000000eaa7a6f8,0x00000000eaa80000)
 PSPermGen       total 21504K, used 6242K [0x00000000bae00000, 0x00000000bc300000, 0x00000000c0000000)
  object space 21504K, 29% used [0x00000000bae00000,0x00000000bb418960,0x00000000bc300000)
Event: 35.687 GC heap after
Heap after GC invocations=49 (full 10):
 PSYoungGen      total 233472K, used 17851K [0x00000000eaa80000, 0x0000000100000000, 0x0000000100000000)
  eden space 117248K, 15% used [0x00000000eaa80000,0x00000000ebbeee18,0x00000000f1d00000)
  from space 116224K, 0% used [0x00000000f8e80000,0x00000000f8e80000,0x0000000100000000)
  to   space 116224K, 0% used [0x00000000f1d00000,0x00000000f1d00000,0x00000000f8e80000)
 ParOldGen       total 698880K, used 698829K [0x00000000c0000000, 0x00000000eaa80000, 0x00000000eaa80000)
  object space 698880K, 99% used [0x00000000c0000000,0x00000000eaa73400,0x00000000eaa80000)
 PSPermGen       total 21504K, used 6242K [0x00000000bae00000, 0x00000000bc300000, 0x00000000c0000000)
  object space 21504K, 29% used [0x00000000bae00000,0x00000000bb418960,0x00000000bc300000)
}
Event: 35.803 GC heap before
{Heap before GC invocations=50 (full 11):
 PSYoungGen      total 233472K, used 117248K [0x00000000eaa80000, 0x0000000100000000, 0x0000000100000000)
  eden space 117248K, 100% used [0x00000000eaa80000,0x00000000f1d00000,0x00000000f1d00000)
  from space 116224K, 0% used [0x00000000f8e80000,0x00000000f8e80000,0x0000000100000000)
  to   space 116224K, 0% used [0x00000000f1d00000,0x00000000f1d00000,0x00000000f8e80000)
 ParOldGen       total 698880K, used 698829K [0x00000000c0000000, 0x00000000eaa80000, 0x00000000eaa80000)
  object space 698880K, 99% used [0x00000000c0000000,0x00000000eaa73400,0x00000000eaa80000)
 PSPermGen       total 21504K, used 6242K [0x00000000bae00000, 0x00000000bc300000, 0x00000000c0000000)
  object space 21504K, 29% used [0x00000000bae00000,0x00000000bb418ab0,0x00000000bc300000)
Event: 36.584 GC heap after
Heap after GC invocations=50 (full 11):
 PSYoungGen      total 233472K, used 35962K [0x00000000eaa80000, 0x0000000100000000, 0x0000000100000000)
  eden space 117248K, 30% used [0x00000000eaa80000,0x00000000ecd9e9c0,0x00000000f1d00000)
  from space 116224K, 0% used [0x00000000f8e80000,0x00000000f8e80000,0x0000000100000000)
  to   space 116224K, 0% used [0x00000000f1d00000,0x00000000f1d00000,0x00000000f8e80000)
 ParOldGen       total 698880K, used 698719K [0x00000000c0000000, 0x00000000eaa80000, 0x00000000eaa80000)
  object space 698880K, 99% used [0x00000000c0000000,0x00000000eaa57fc8,0x00000000eaa80000)
 PSPermGen       total 21504K, used 6242K [0x00000000bae00000, 0x00000000bc300000, 0x00000000c0000000)
  object space 21504K, 29% used [0x00000000bae00000,0x00000000bb418ab0,0x00000000bc300000)
}
Event: 38.288 GC heap before
{Heap before GC invocations=51 (full 12):
 PSYoungGen      total 233472K, used 117248K [0x00000000eaa80000, 0x0000000100000000, 0x0000000100000000)
  eden space 117248K, 100% used [0x00000000eaa80000,0x00000000f1d00000,0x00000000f1d00000)
  from space 116224K, 0% used [0x00000000f8e80000,0x00000000f8e80000,0x0000000100000000)
  to   space 116224K, 0% used [0x00000000f1d00000,0x00000000f1d00000,0x00000000f8e80000)
 ParOldGen       total 698880K, used 698719K [0x00000000c0000000, 0x00000000eaa80000, 0x00000000eaa80000)
  object space 698880K, 99% used [0x00000000c0000000,0x00000000eaa57fc8,0x00000000eaa80000)
 PSPermGen       total 21504K, used 6307K [0x00000000bae00000, 0x00000000bc300000, 0x00000000c0000000)
  object space 21504K, 29% used [0x00000000bae00000,0x00000000bb428eb0,0x00000000bc300000)

Deoptimization events (10 events):
Event: 38.151 Thread 0x00007f464c172000 Uncommon trap: reason=class_check action=maybe_recompile pc=0x00007f46485930b0 method=java.util.Collections.sort(Ljava/util/List;)V @ 37
Event: 38.151 Thread 0x00007f464c172000 Uncommon trap: reason=class_check action=maybe_recompile pc=0x00007f46485930b0 method=java.util.Collections.sort(Ljava/util/List;)V @ 37
Event: 38.151 Thread 0x00007f464c172000 Uncommon trap: reason=class_check action=maybe_recompile pc=0x00007f46485930b0 method=java.util.Collections.sort(Ljava/util/List;)V @ 37
Event: 38.151 Thread 0x00007f464c172000 Uncommon trap: reason=class_check action=maybe_recompile pc=0x00007f464835ee70 method=java.util.ComparableTimSort.binarySort([Ljava/lang/Object;III)V @ 40
Event: 38.151 Thread 0x00007f464c172000 Uncommon trap: reason=class_check action=maybe_recompile pc=0x00007f464835ee70 method=java.util.ComparableTimSort.binarySort([Ljava/lang/Object;III)V @ 40
Event: 38.152 Thread 0x00007f464c172000 Uncommon trap: reason=class_check action=maybe_recompile pc=0x00007f46485a0b24 method=java.util.ComparableTimSort.countRunAndMakeAscending([Ljava/lang/Object;II)I @ 36
Event: 38.152 Thread 0x00007f464c172000 Uncommon trap: reason=class_check action=maybe_recompile pc=0x00007f46485a0b24 method=java.util.ComparableTimSort.countRunAndMakeAscending([Ljava/lang/Object;II)I @ 36
Event: 38.152 Thread 0x00007f464c172000 Uncommon trap: reason=class_check action=maybe_recompile pc=0x00007f464835ee70 method=java.util.ComparableTimSort.binarySort([Ljava/lang/Object;III)V @ 40
Event: 38.152 Thread 0x00007f464c172000 Uncommon trap: reason=class_check action=maybe_recompile pc=0x00007f46485a0b24 method=java.util.ComparableTimSort.countRunAndMakeAscending([Ljava/lang/Object;II)I @ 36
Event: 38.152 Thread 0x00007f464c172000 Uncommon trap: reason=class_check action=maybe_recompile pc=0x00007f46485a0b24 method=java.util.ComparableTimSort.countRunAndMakeAscending([Ljava/lang/Object;II)I @ 36

Internal exceptions (10 events):
Event: 7.926 Thread 0x00007f464c172000 Implicit null exception at 0x00007f4648277f2b to 0x00007f4648278195
Event: 7.926 Thread 0x00007f464c178000 Implicit null exception at 0x00007f46482418fc to 0x00007f4648241a11
Event: 13.187 Thread 0x00007f464c172000 Threw 0x00000000ef077490 at /HUDSON/workspace/7u-2-build-linux-amd64/jdk7u71/1605/hotspot/src/share/vm/prims/jvm.cpp:1281
Event: 13.205 Thread 0x00007f464c172000 Threw 0x00000000ef0bed00 at /HUDSON/workspace/7u-2-build-linux-amd64/jdk7u71/1605/hotspot/src/share/vm/prims/jvm.cpp:1281
Event: 35.763 Thread 0x00007f464c179800 Implicit null exception at 0x00007f4648539afb to 0x00007f4648539d6d
Event: 35.763 Thread 0x00007f464c179800 Implicit null exception at 0x00007f4648539467 to 0x00007f46485396bd
Event: 35.764 Thread 0x00007f464c179800 Implicit null exception at 0x00007f46485346b8 to 0x00007f46485347c9
Event: 37.667 Thread 0x00007f464c177000 Implicit null exception at 0x00007f46485848c3 to 0x00007f46485852c5
Event: 37.799 Thread 0x00007f464c00a000 Threw 0x00000000f12aa5f8 at /HUDSON/workspace/7u-2-build-linux-amd64/jdk7u71/1605/hotspot/src/share/vm/prims/jvm.cpp:1281
Event: 38.072 Thread 0x00007f464c172000 Threw 0x00000000f1842068 at /HUDSON/workspace/7u-2-build-linux-amd64/jdk7u71/1605/hotspot/src/share/vm/prims/jvm.cpp:1281

Events (10 events):
Event: 38.152 Thread 0x00007f464c172000 Uncommon trap: trap_request=0xffffffde fr.pc=0x00007f464835ee70
Event: 38.152 Thread 0x00007f464c172000 DEOPT PACKING pc=0x00007f464835ee70 sp=0x00007f462ab111b0
Event: 38.152 Thread 0x00007f464c172000 DEOPT UNPACKING pc=0x00007f46481a9445 sp=0x00007f462ab11188 mode 2
Event: 38.152 Thread 0x00007f464c172000 Uncommon trap: trap_request=0xffffffde fr.pc=0x00007f46485a0b24
Event: 38.152 Thread 0x00007f464c172000 DEOPT PACKING pc=0x00007f46485a0b24 sp=0x00007f462ab111c0
Event: 38.152 Thread 0x00007f464c172000 DEOPT UNPACKING pc=0x00007f46481a9445 sp=0x00007f462ab111a0 mode 2
Event: 38.152 Thread 0x00007f464c172000 Uncommon trap: trap_request=0xffffffde fr.pc=0x00007f46485a0b24
Event: 38.152 Thread 0x00007f464c172000 DEOPT PACKING pc=0x00007f46485a0b24 sp=0x00007f462ab111c0
Event: 38.152 Thread 0x00007f464c172000 DEOPT UNPACKING pc=0x00007f46481a9445 sp=0x00007f462ab111a0 mode 2
Event: 38.288 Executing VM operation: ParallelGCFailedAllocation


Dynamic libraries:
00400000-00401000 r-xp 00000000 08:01 18226389                           /usr/lib/jvm/jdk1.7.0/bin/java
00600000-00601000 rw-p 00000000 08:01 18226389                           /usr/lib/jvm/jdk1.7.0/bin/java
01aa8000-01ac9000 rw-p 00000000 00:00 0                                  [heap]
bae00000-bc300000 rw-p 00000000 00:00 0 
bc300000-c0000000 rw-p 00000000 00:00 0 
c0000000-eaa80000 rw-p 00000000 00:00 0 
eaa80000-100000000 rw-p 00000000 00:00 0 
7f45fc000000-7f45fc023000 rw-p 00000000 00:00 0 
7f45fc023000-7f4600000000 ---p 00000000 00:00 0 
7f4600000000-7f4600028000 rw-p 00000000 00:00 0 
7f4600028000-7f4604000000 ---p 00000000 00:00 0 
7f4604000000-7f4604021000 rw-p 00000000 00:00 0 
7f4604021000-7f4608000000 ---p 00000000 00:00 0 
7f4608000000-7f4608021000 rw-p 00000000 00:00 0 
7f4608021000-7f460c000000 ---p 00000000 00:00 0 
7f460c000000-7f460c021000 rw-p 00000000 00:00 0 
7f460c021000-7f4610000000 ---p 00000000 00:00 0 
7f4610000000-7f4610022000 rw-p 00000000 00:00 0 
7f4610022000-7f4614000000 ---p 00000000 00:00 0 
7f4614000000-7f4615588000 rw-p 00000000 00:00 0 
7f4615588000-7f4618000000 ---p 00000000 00:00 0 
7f4618000000-7f4618021000 rw-p 00000000 00:00 0 
7f4618021000-7f461c000000 ---p 00000000 00:00 0 
7f461c000000-7f461c021000 rw-p 00000000 00:00 0 
7f461c021000-7f4620000000 ---p 00000000 00:00 0 
7f4620000000-7f462173a000 rw-p 00000000 00:00 0 
7f462173a000-7f4624000000 ---p 00000000 00:00 0 
7f4624000000-7f4624021000 rw-p 00000000 00:00 0 
7f4624021000-7f4628000000 ---p 00000000 00:00 0 
7f462a911000-7f462a914000 ---p 00000000 00:00 0 
7f462a914000-7f462aa12000 rw-p 00000000 00:00 0 
7f462aa12000-7f462aa15000 ---p 00000000 00:00 0 
7f462aa15000-7f462ab13000 rw-p 00000000 00:00 0                          [stack:9909]
7f462ab13000-7f462ab16000 ---p 00000000 00:00 0 
7f462ab16000-7f462ac14000 rw-p 00000000 00:00 0 
7f462ac14000-7f462ac17000 ---p 00000000 00:00 0 
7f462ac17000-7f462ad15000 rw-p 00000000 00:00 0 
7f462ad15000-7f462ad18000 ---p 00000000 00:00 0 
7f462ad18000-7f462ae16000 rw-p 00000000 00:00 0 
7f462ae16000-7f462ae2c000 r-xp 00000000 08:01 18622518                   /usr/lib/jvm/jdk1.7.0/jre/lib/amd64/libnet.so
7f462ae2c000-7f462b02c000 ---p 00016000 08:01 18622518                   /usr/lib/jvm/jdk1.7.0/jre/lib/amd64/libnet.so
7f462b02c000-7f462b02d000 rw-p 00016000 08:01 18622518                   /usr/lib/jvm/jdk1.7.0/jre/lib/amd64/libnet.so
7f462b02d000-7f462b03d000 r-xp 00000000 08:01 18622589                   /usr/lib/jvm/jdk1.7.0/jre/lib/amd64/libnio.so
7f462b03d000-7f462b23d000 ---p 00010000 08:01 18622589                   /usr/lib/jvm/jdk1.7.0/jre/lib/amd64/libnio.so
7f462b23d000-7f462b23e000 rw-p 00010000 08:01 18622589                   /usr/lib/jvm/jdk1.7.0/jre/lib/amd64/libnio.so
7f462b318000-7f462b319000 ---p 00000000 00:00 0 
7f462b319000-7f462b419000 rw-p 00000000 00:00 0                          [stack:9884]
7f462b419000-7f462b41c000 ---p 00000000 00:00 0 
7f462b41c000-7f462b51a000 rw-p 00000000 00:00 0                          [stack:9883]
7f462b51a000-7f462b51d000 ---p 00000000 00:00 0 
7f462b51d000-7f462b61b000 rw-p 00000000 00:00 0                          [stack:9882]
7f462b61b000-7f462b61e000 ---p 00000000 00:00 0 
7f462b61e000-7f462b71c000 rw-p 00000000 00:00 0                          [stack:9881]
7f462b71c000-7f462b71f000 ---p 00000000 00:00 0 
7f462b71f000-7f462b81d000 rw-p 00000000 00:00 0                          [stack:9880]
7f462b81d000-7f462beff000 r--p 00000000 08:01 18094674                   /usr/lib/locale/locale-archive
7f462beff000-7f462bf02000 ---p 00000000 00:00 0 
7f462bf02000-7f462c000000 rw-p 00000000 00:00 0                          [stack:9879]
7f462c000000-7f462c03a000 rw-p 00000000 00:00 0 
7f462c03a000-7f4630000000 ---p 00000000 00:00 0 
7f4630000000-7f4630021000 rw-p 00000000 00:00 0 
7f4630021000-7f4634000000 ---p 00000000 00:00 0 
7f4634000000-7f4634021000 rw-p 00000000 00:00 0 
7f4634021000-7f4638000000 ---p 00000000 00:00 0 
7f4638000000-7f463825a000 rw-p 00000000 00:00 0 
7f463825a000-7f463c000000 ---p 00000000 00:00 0 
7f463c000000-7f463c09e000 rw-p 00000000 00:00 0 
7f463c09e000-7f4640000000 ---p 00000000 00:00 0 
7f4640000000-7f4640086000 rw-p 00000000 00:00 0 
7f4640086000-7f4644000000 ---p 00000000 00:00 0 
7f4644051000-7f4644054000 ---p 00000000 00:00 0 
7f4644054000-7f4644152000 rw-p 00000000 00:00 0                          [stack:9878]
7f4644152000-7f4644153000 ---p 00000000 00:00 0 
7f4644153000-7f4645252000 rw-p 00000000 00:00 0                          [stack:9877]
7f4645252000-7f4645411000 r--s 039e9000 08:01 18354001                   /usr/lib/jvm/jdk1.7.0/jre/lib/rt.jar
7f4645411000-7f46479c3000 rw-p 00000000 00:00 0 
7f46479c3000-7f46479c4000 ---p 00000000 00:00 0 
7f46479c4000-7f4647ac4000 rw-p 00000000 00:00 0                          [stack:9876]
7f4647ac4000-7f4647ac5000 ---p 00000000 00:00 0 
7f4647ac5000-7f4647bc5000 rw-p 00000000 00:00 0                          [stack:9875]
7f4647bc5000-7f4647bc6000 ---p 00000000 00:00 0 
7f4647bc6000-7f4647cc6000 rw-p 00000000 00:00 0                          [stack:9874]
7f4647cc6000-7f4647cc7000 ---p 00000000 00:00 0 
7f4647cc7000-7f4647dd2000 rw-p 00000000 00:00 0                          [stack:9873]
7f4647dd2000-7f4647df0000 rw-p 00000000 00:00 0 
7f4647df0000-7f4647f46000 rw-p 00000000 00:00 0 
7f4647f46000-7f4647f51000 rw-p 00000000 00:00 0 
7f4647f51000-7f4647f6f000 rw-p 00000000 00:00 0 
7f4647f6f000-7f46480c4000 rw-p 00000000 00:00 0 
7f46480c4000-7f464816f000 rw-p 00000000 00:00 0 
7f464816f000-7f4648170000 rw-p 00000000 00:00 0 
7f4648170000-7f46485b0000 rwxp 00000000 00:00 0 
7f46485b0000-7f464b170000 rw-p 00000000 00:00 0 
7f464b170000-7f464b18a000 r-xp 00000000 08:01 18622572                   /usr/lib/jvm/jdk1.7.0/jre/lib/amd64/libzip.so
7f464b18a000-7f464b38a000 ---p 0001a000 08:01 18622572                   /usr/lib/jvm/jdk1.7.0/jre/lib/amd64/libzip.so
7f464b38a000-7f464b38b000 rw-p 0001a000 08:01 18622572                   /usr/lib/jvm/jdk1.7.0/jre/lib/amd64/libzip.so
7f464b38b000-7f464b396000 r-xp 00000000 08:01 21495834                   /lib/x86_64-linux-gnu/libnss_files-2.19.so
7f464b396000-7f464b595000 ---p 0000b000 08:01 21495834                   /lib/x86_64-linux-gnu/libnss_files-2.19.so
7f464b595000-7f464b596000 r--p 0000a000 08:01 21495834                   /lib/x86_64-linux-gnu/libnss_files-2.19.so
7f464b596000-7f464b597000 rw-p 0000b000 08:01 21495834                   /lib/x86_64-linux-gnu/libnss_files-2.19.so
7f464b597000-7f464b5a2000 r-xp 00000000 08:01 21496734                   /lib/x86_64-linux-gnu/libnss_nis-2.19.so
7f464b5a2000-7f464b7a1000 ---p 0000b000 08:01 21496734                   /lib/x86_64-linux-gnu/libnss_nis-2.19.so
7f464b7a1000-7f464b7a2000 r--p 0000a000 08:01 21496734                   /lib/x86_64-linux-gnu/libnss_nis-2.19.so
7f464b7a2000-7f464b7a3000 rw-p 0000b000 08:01 21496734                   /lib/x86_64-linux-gnu/libnss_nis-2.19.so
7f464b7a3000-7f464b7ba000 r-xp 00000000 08:01 21495910                   /lib/x86_64-linux-gnu/libnsl-2.19.so
7f464b7ba000-7f464b9b9000 ---p 00017000 08:01 21495910                   /lib/x86_64-linux-gnu/libnsl-2.19.so
7f464b9b9000-7f464b9ba000 r--p 00016000 08:01 21495910                   /lib/x86_64-linux-gnu/libnsl-2.19.so
7f464b9ba000-7f464b9bb000 rw-p 00017000 08:01 21495910                   /lib/x86_64-linux-gnu/libnsl-2.19.so
7f464b9bb000-7f464b9bd000 rw-p 00000000 00:00 0 
7f464b9bd000-7f464b9c6000 r-xp 00000000 08:01 21495908                   /lib/x86_64-linux-gnu/libnss_compat-2.19.so
7f464b9c6000-7f464bbc5000 ---p 00009000 08:01 21495908                   /lib/x86_64-linux-gnu/libnss_compat-2.19.so
7f464bbc5000-7f464bbc6000 r--p 00008000 08:01 21495908                   /lib/x86_64-linux-gnu/libnss_compat-2.19.so
7f464bbc6000-7f464bbc7000 rw-p 00009000 08:01 21495908                   /lib/x86_64-linux-gnu/libnss_compat-2.19.so
7f464bbc7000-7f464bbf0000 r-xp 00000000 08:01 18622571                   /usr/lib/jvm/jdk1.7.0/jre/lib/amd64/libjava.so
7f464bbf0000-7f464bdf0000 ---p 00029000 08:01 18622571                   /usr/lib/jvm/jdk1.7.0/jre/lib/amd64/libjava.so
7f464bdf0000-7f464bdf2000 rw-p 00029000 08:01 18622571                   /usr/lib/jvm/jdk1.7.0/jre/lib/amd64/libjava.so
7f464bdf2000-7f464bdff000 r-xp 00000000 08:01 18622563                   /usr/lib/jvm/jdk1.7.0/jre/lib/amd64/libverify.so
7f464bdff000-7f464bffe000 ---p 0000d000 08:01 18622563                   /usr/lib/jvm/jdk1.7.0/jre/lib/amd64/libverify.so
7f464bffe000-7f464c000000 rw-p 0000c000 08:01 18622563                   /usr/lib/jvm/jdk1.7.0/jre/lib/amd64/libverify.so
7f464c000000-7f464c36d000 rw-p 00000000 00:00 0 
7f464c36d000-7f4650000000 ---p 00000000 00:00 0 
7f4650014000-7f465001b000 r-xp 00000000 08:01 21496731                   /lib/x86_64-linux-gnu/librt-2.19.so
7f465001b000-7f465021a000 ---p 00007000 08:01 21496731                   /lib/x86_64-linux-gnu/librt-2.19.so
7f465021a000-7f465021b000 r--p 00006000 08:01 21496731                   /lib/x86_64-linux-gnu/librt-2.19.so
7f465021b000-7f465021c000 rw-p 00007000 08:01 21496731                   /lib/x86_64-linux-gnu/librt-2.19.so
7f465021c000-7f4650321000 r-xp 00000000 08:01 21495827                   /lib/x86_64-linux-gnu/libm-2.19.so
7f4650321000-7f4650520000 ---p 00105000 08:01 21495827                   /lib/x86_64-linux-gnu/libm-2.19.so
7f4650520000-7f4650521000 r--p 00104000 08:01 21495827                   /lib/x86_64-linux-gnu/libm-2.19.so
7f4650521000-7f4650522000 rw-p 00105000 08:01 21495827                   /lib/x86_64-linux-gnu/libm-2.19.so
7f4650522000-7f4651094000 r-xp 00000000 08:01 18622521                   /usr/lib/jvm/jdk1.7.0/jre/lib/amd64/server/libjvm.so
7f4651094000-7f4651293000 ---p 00b72000 08:01 18622521                   /usr/lib/jvm/jdk1.7.0/jre/lib/amd64/server/libjvm.so
7f4651293000-7f4651358000 rw-p 00b71000 08:01 18622521                   /usr/lib/jvm/jdk1.7.0/jre/lib/amd64/server/libjvm.so
7f4651358000-7f4651398000 rw-p 00000000 00:00 0 
7f4651398000-7f4651553000 r-xp 00000000 08:01 21496728                   /lib/x86_64-linux-gnu/libc-2.19.so
7f4651553000-7f4651752000 ---p 001bb000 08:01 21496728                   /lib/x86_64-linux-gnu/libc-2.19.so
7f4651752000-7f4651756000 r--p 001ba000 08:01 21496728                   /lib/x86_64-linux-gnu/libc-2.19.so
7f4651756000-7f4651758000 rw-p 001be000 08:01 21496728                   /lib/x86_64-linux-gnu/libc-2.19.so
7f4651758000-7f465175d000 rw-p 00000000 00:00 0 
7f465175d000-7f4651760000 r-xp 00000000 08:01 21495900                   /lib/x86_64-linux-gnu/libdl-2.19.so
7f4651760000-7f465195f000 ---p 00003000 08:01 21495900                   /lib/x86_64-linux-gnu/libdl-2.19.so
7f465195f000-7f4651960000 r--p 00002000 08:01 21495900                   /lib/x86_64-linux-gnu/libdl-2.19.so
7f4651960000-7f4651961000 rw-p 00003000 08:01 21495900                   /lib/x86_64-linux-gnu/libdl-2.19.so
7f4651961000-7f4651977000 r-xp 00000000 08:01 19005487                   /usr/lib/jvm/jdk1.7.0/lib/amd64/jli/libjli.so
7f4651977000-7f4651b77000 ---p 00016000 08:01 19005487                   /usr/lib/jvm/jdk1.7.0/lib/amd64/jli/libjli.so
7f4651b77000-7f4651b78000 rw-p 00016000 08:01 19005487                   /usr/lib/jvm/jdk1.7.0/lib/amd64/jli/libjli.so
7f4651b78000-7f4651b91000 r-xp 00000000 08:01 21496729                   /lib/x86_64-linux-gnu/libpthread-2.19.so
7f4651b91000-7f4651d90000 ---p 00019000 08:01 21496729                   /lib/x86_64-linux-gnu/libpthread-2.19.so
7f4651d90000-7f4651d91000 r--p 00018000 08:01 21496729                   /lib/x86_64-linux-gnu/libpthread-2.19.so
7f4651d91000-7f4651d92000 rw-p 00019000 08:01 21496729                   /lib/x86_64-linux-gnu/libpthread-2.19.so
7f4651d92000-7f4651d96000 rw-p 00000000 00:00 0 
7f4651d96000-7f4651db9000 r-xp 00000000 08:01 21496718                   /lib/x86_64-linux-gnu/ld-2.19.so
7f4651dbe000-7f4651de5000 rw-p 00000000 00:00 0 
7f4651de5000-7f4651e94000 rw-p 00000000 00:00 0 
7f4651e94000-7f4651e97000 ---p 00000000 00:00 0 
7f4651e97000-7f4651f99000 rw-p 00000000 00:00 0                          [stack:9872]
7f4651f9c000-7f4651f9d000 rw-p 00000000 00:00 0 
7f4651f9d000-7f4651fac000 r--s 000df000 08:01 15996312                   /home/primesys002/Software/android-studio/sdk/build-tools/23.0.2/lib/dx.jar
7f4651fac000-7f4651fb4000 rw-s 00000000 08:01 27266684                   /tmp/hsperfdata_root/9867
7f4651fb4000-7f4651fb5000 rw-p 00000000 00:00 0 
7f4651fb5000-7f4651fb6000 ---p 00000000 00:00 0 
7f4651fb6000-7f4651fb8000 rw-p 00000000 00:00 0 
7f4651fb8000-7f4651fb9000 r--p 00022000 08:01 21496718                   /lib/x86_64-linux-gnu/ld-2.19.so
7f4651fb9000-7f4651fba000 rw-p 00023000 08:01 21496718                   /lib/x86_64-linux-gnu/ld-2.19.so
7f4651fba000-7f4651fbb000 rw-p 00000000 00:00 0 
7ffdec499000-7ffdec4ba000 rw-p 00000000 00:00 0                          [stack]
7ffdec5ee000-7ffdec5f0000 r-xp 00000000 00:00 0                          [vdso]
ffffffffff600000-ffffffffff601000 r-xp 00000000 00:00 0                  [vsyscall]

VM Arguments:
jvm_args: -Djava.awt.headless=true -Xmx1024M -Dfile.encoding=UTF-8 -Duser.country=IN -Duser.language=en -Duser.variant 
java_command: com.android.dx.command.Main --dex --num-threads=4 --multi-dex --main-dex-list /home/primesys002/Rupesh Android Stuff/Android Studio Workplace/TrackMyfriend/app/build/intermediates/multi-dex/debug/maindexlist.txt --output /home/primesys002/Rupesh Android Stuff/Android Studio Workplace/TrackMyfriend/app/build/intermediates/transforms/dex/debug/folders/1000/1f/main /home/primesys002/Rupesh Android Stuff/Android Studio Workplace/TrackMyfriend/app/build/intermediates/transforms/jarMerging/debug/jars/1/1f/combined.jar
Launcher Type: SUN_STANDARD

Environment Variables:
PATH=/usr/local/sbin:/usr/local/bin:/usr/sbin:/usr/bin:/sbin:/bin
USERNAME=root
LD_LIBRARY_PATH=.:
SHELL=/bin/bash
DISPLAY=:0.0

Signal Handlers:
SIGSEGV: [libjvm.so+0x9a1330], sa_mask[0]=0x7ffbfeff, sa_flags=0x10000004
SIGBUS: [libjvm.so+0x9a1330], sa_mask[0]=0x7ffbfeff, sa_flags=0x10000004
SIGFPE: [libjvm.so+0x81b390], sa_mask[0]=0x7ffbfeff, sa_flags=0x10000004
SIGPIPE: [libjvm.so+0x81b390], sa_mask[0]=0x7ffbfeff, sa_flags=0x10000004
SIGXFSZ: [libjvm.so+0x81b390], sa_mask[0]=0x7ffbfeff, sa_flags=0x10000004
SIGILL: [libjvm.so+0x81b390], sa_mask[0]=0x7ffbfeff, sa_flags=0x10000004
SIGUSR1: SIG_DFL, sa_mask[0]=0x00000000, sa_flags=0x00000000
SIGUSR2: [libjvm.so+0x81cb90], sa_mask[0]=0x00000004, sa_flags=0x10000004
SIGHUP: [libjvm.so+0x81dc90], sa_mask[0]=0x7ffbfeff, sa_flags=0x10000004
SIGINT: [libjvm.so+0x81dc90], sa_mask[0]=0x7ffbfeff, sa_flags=0x10000004
SIGTERM: [libjvm.so+0x81dc90], sa_mask[0]=0x7ffbfeff, sa_flags=0x10000004
SIGQUIT: [libjvm.so+0x81dc90], sa_mask[0]=0x7ffbfeff, sa_flags=0x10000004


---------------  S Y S T E M  ---------------

OS:jessie/sid

uname:Linux 3.13.0-77-generic #121-Ubuntu SMP Wed Jan 20 10:50:42 UTC 2016 x86_64
libc:glibc 2.19 NPTL 2.19 
rlimit: STACK 8192k, CORE 0k, NPROC 62863, NOFILE 4096, AS infinity
load average:2.56 1.24 1.14

/proc/meminfo:
MemTotal:        8068088 kB
MemFree:          139564 kB
Buffers:           11384 kB
Cached:           758212 kB
SwapCached:       153060 kB
Active:          5255784 kB
Inactive:        1232892 kB
Active(anon):    5213388 kB
Inactive(anon):  1190392 kB
Active(file):      42396 kB
Inactive(file):    42500 kB
Unevictable:          92 kB
Mlocked:              92 kB
SwapTotal:       4083708 kB
SwapFree:        2113908 kB
Dirty:              2384 kB
Writeback:             0 kB
AnonPages:       5634944 kB
Mapped:          1366656 kB
Shmem:            684620 kB
Slab:             126952 kB
SReclaimable:      74936 kB
SUnreclaim:        52016 kB
KernelStack:        7160 kB
PageTables:        67544 kB
NFS_Unstable:          0 kB
Bounce:                0 kB
WritebackTmp:          0 kB
CommitLimit:     8117752 kB
Committed_AS:   15431184 kB
VmallocTotal:   34359738367 kB
VmallocUsed:      361364 kB
VmallocChunk:   34359366248 kB
HardwareCorrupted:     0 kB
AnonHugePages:   3055616 kB
HugePages_Total:       0
HugePages_Free:        0
HugePages_Rsvd:        0
HugePages_Surp:        0
Hugepagesize:       2048 kB
DirectMap4k:       67416 kB
DirectMap2M:     8212480 kB


CPU:total 4 (4 cores per cpu, 1 threads per core) family 6 model 58 stepping 9, cmov, cx8, fxsr, mmx, sse, sse2, sse3, ssse3, sse4.1, sse4.2, popcnt, avx, aes, erms, tsc, tscinvbit, tscinv

/proc/cpuinfo:
processor	: 0
vendor_id	: GenuineIntel
cpu family	: 6
model		: 58
model name	: Intel(R) Core(TM) i5-3330 CPU @ 3.00GHz
stepping	: 9
microcode	: 0x15
cpu MHz		: 3201.000
cache size	: 6144 KB
physical id	: 0
siblings	: 4
core id		: 0
cpu cores	: 4
apicid		: 0
initial apicid	: 0
fpu		: yes
fpu_exception	: yes
cpuid level	: 13
wp		: yes
flags		: fpu vme de pse tsc msr pae mce cx8 apic sep mtrr pge mca cmov pat pse36 clflush dts acpi mmx fxsr sse sse2 ss ht tm pbe syscall nx rdtscp lm constant_tsc arch_perfmon pebs bts rep_good nopl xtopology nonstop_tsc aperfmperf eagerfpu pni pclmulqdq dtes64 monitor ds_cpl vmx est tm2 ssse3 cx16 xtpr pdcm pcid sse4_1 sse4_2 x2apic popcnt tsc_deadline_timer aes xsave avx f16c rdrand lahf_lm ida arat epb xsaveopt pln pts dtherm tpr_shadow vnmi flexpriority ept vpid fsgsbase smep erms
bogomips	: 5986.57
clflush size	: 64
cache_alignment	: 64
address sizes	: 36 bits physical, 48 bits virtual
power management:

processor	: 1
vendor_id	: GenuineIntel
cpu family	: 6
model		: 58
model name	: Intel(R) Core(TM) i5-3330 CPU @ 3.00GHz
stepping	: 9
microcode	: 0x15
cpu MHz		: 3201.000
cache size	: 6144 KB
physical id	: 0
siblings	: 4
core id		: 1
cpu cores	: 4
apicid		: 2
initial apicid	: 2
fpu		: yes
fpu_exception	: yes
cpuid level	: 13
wp		: yes
flags		: fpu vme de pse tsc msr pae mce cx8 apic sep mtrr pge mca cmov pat pse36 clflush dts acpi mmx fxsr sse sse2 ss ht tm pbe syscall nx rdtscp lm constant_tsc arch_perfmon pebs bts rep_good nopl xtopology nonstop_tsc aperfmperf eagerfpu pni pclmulqdq dtes64 monitor ds_cpl vmx est tm2 ssse3 cx16 xtpr pdcm pcid sse4_1 sse4_2 x2apic popcnt tsc_deadline_timer aes xsave avx f16c rdrand lahf_lm ida arat epb xsaveopt pln pts dtherm tpr_shadow vnmi flexpriority ept vpid fsgsbase smep erms
bogomips	: 5986.57
clflush size	: 64
cache_alignment	: 64
address sizes	: 36 bits physical, 48 bits virtual
power management:

processor	: 2
vendor_id	: GenuineIntel
cpu family	: 6
model		: 58
model name	: Intel(R) Core(TM) i5-3330 CPU @ 3.00GHz
stepping	: 9
microcode	: 0x15
cpu MHz		: 3000.000
cache size	: 6144 KB
physical id	: 0
siblings	: 4
core id		: 2
cpu cores	: 4
apicid		: 4
initial apicid	: 4
fpu		: yes
fpu_exception	: yes
cpuid level	: 13
wp		: yes
flags		: fpu vme de pse tsc msr pae mce cx8 apic sep mtrr pge mca cmov pat pse36 clflush dts acpi mmx fxsr sse sse2 ss ht tm pbe syscall nx rdtscp lm constant_tsc arch_perfmon pebs bts rep_good nopl xtopology nonstop_tsc aperfmperf eagerfpu pni pclmulqdq dtes64 monitor ds_cpl vmx est tm2 ssse3 cx16 xtpr pdcm pcid sse4_1 sse4_2 x2apic popcnt tsc_deadline_timer aes xsave avx f16c rdrand lahf_lm ida arat epb xsaveopt pln pts dtherm tpr_shadow vnmi flexpriority ept vpid fsgsbase smep erms
bogomips	: 5986.57
clflush size	: 64
cache_alignment	: 64
address sizes	: 36 bits physical, 48 bits virtual
power management:

processor	: 3
vendor_id	: GenuineIntel
cpu family	: 6
model		: 58
model name	: Intel(R) Core(TM) i5-3330 CPU @ 3.00GHz
stepping	: 9
microcode	: 0x15
cpu MHz		: 3201.000
cache size	: 6144 KB
physical id	: 0
siblings	: 4
core id		: 3
cpu cores	: 4
apicid		: 6
initial apicid	: 6
fpu		: yes
fpu_exception	: yes
cpuid level	: 13
wp		: yes
flags		: fpu vme de pse tsc msr pae mce cx8 apic sep mtrr pge mca cmov pat pse36 clflush dts acpi mmx fxsr sse sse2 ss ht tm pbe syscall nx rdtscp lm constant_tsc arch_perfmon pebs bts rep_good nopl xtopology nonstop_tsc aperfmperf eagerfpu pni pclmulqdq dtes64 monitor ds_cpl vmx est tm2 ssse3 cx16 xtpr pdcm pcid sse4_1 sse4_2 x2apic popcnt tsc_deadline_timer aes xsave avx f16c rdrand lahf_lm ida arat epb xsaveopt pln pts dtherm tpr_shadow vnmi flexpriority ept vpid fsgsbase smep erms
bogomips	: 5986.57
clflush size	: 64
cache_alignment	: 64
address sizes	: 36 bits physical, 48 bits virtual
power management:



Memory: 4k page, physical 8068088k(139564k free), swap 4083708k(2113908k free)

vm_info: Java HotSpot(TM) 64-Bit Server VM (24.71-b01) for linux-amd64 JRE (1.7.0_71-b14), built on Sep 26 2014 16:41:40 by "java_re" with gcc 4.3.0 20080428 (Red Hat 4.3.0-8)

time: Thu Feb 25 18:01:57 2016
elapsed time: 38 seconds

